<?xml version="1.0" encoding="UTF-8"?>
<testsuite xmlns:xsi="http://www.w3.org/2001/XMLSchema-instance" xsi:noNamespaceSchemaLocation="https://maven.apache.org/surefire/maven-surefire-plugin/xsd/surefire-test-report.xsd" name="org.nuxeo.coldstorage.service.TestS3ColdStorageService" time="26.403" tests="14" errors="0" skipped="0" failures="0">
  <properties>
    <property name="awt.toolkit" value="sun.awt.X11.XToolkit"/>
    <property name="java.specification.version" value="11"/>
    <property name="sun.cpu.isalist" value=""/>
    <property name="nuxeo.test.vcs.server" value=""/>
    <property name="sun.jnu.encoding" value="UTF-8"/>
    <property name="java.class.path" value="/home/jenkins/workspace/orage_nuxeo-coldstorage_lts-2021/nuxeo-coldstorage/target-mongodb/test-classes:/home/jenkins/workspace/orage_nuxeo-coldstorage_lts-2021/nuxeo-coldstorage/target-mongodb/classes:/root/.mvnrepository/org/nuxeo/runtime/nuxeo-runtime/2021.21.5/nuxeo-runtime-2021.21.5.jar:/root/.mvnrepository/org/nuxeo/common/nuxeo-common/2021.21.5/nuxeo-common-2021.21.5.jar:/root/.mvnrepository/commons-codec/commons-codec/1.15/commons-codec-1.15.jar:/root/.mvnrepository/io/dropwizard/metrics5/metrics-core/5.0.0-rc3/metrics-core-5.0.0-rc3.jar:/root/.mvnrepository/org/osgi/org.osgi.core/4.2.0/org.osgi.core-4.2.0.jar:/root/.mvnrepository/org/apache/commons/commons-lang3/3.11/commons-lang3-3.11.jar:/root/.mvnrepository/commons-io/commons-io/2.8.0/commons-io-2.8.0.jar:/root/.mvnrepository/xerces/xercesImpl/2.12.0-nx1/xercesImpl-2.12.0-nx1.jar:/root/.mvnrepository/com/fasterxml/jackson/core/jackson-databind/2.11.3/jackson-databind-2.11.3.jar:/root/.mvnrepository/com/fasterxml/jackson/core/jackson-annotations/2.11.3/jackson-annotations-2.11.3.jar:/root/.mvnrepository/com/fasterxml/jackson/dataformat/jackson-dataformat-properties/2.11.3/jackson-dataformat-properties-2.11.3.jar:/root/.mvnrepository/org/nuxeo/ecm/automation/nuxeo-automation-core/2021.21.5/nuxeo-automation-core-2021.21.5.jar:/root/.mvnrepository/org/nuxeo/ecm/core/nuxeo-core-event/2021.21.5/nuxeo-core-event-2021.21.5.jar:/root/.mvnrepository/org/nuxeo/runtime/nuxeo-runtime-cluster/2021.21.5/nuxeo-runtime-cluster-2021.21.5.jar:/root/.mvnrepository/org/nuxeo/runtime/nuxeo-runtime-datasource/2021.21.5/nuxeo-runtime-datasource-2021.21.5.jar:/root/.mvnrepository/org/apache/tomcat/tomcat-jdbc/9.0.63/tomcat-jdbc-9.0.63.jar:/root/.mvnrepository/org/apache/commons/commons-dbcp2/2.8.0/commons-dbcp2-2.8.0.jar:/root/.mvnrepository/org/nuxeo/runtime/nuxeo-runtime-reload/2021.21.5/nuxeo-runtime-reload-2021.21.5.jar:/root/.mvnrepository/org/quartz-scheduler/quartz/2.3.2/quartz-2.3.2.jar:/root/.mvnrepository/com/mchange/c3p0/0.9.5.4/c3p0-0.9.5.4.jar:/root/.mvnrepository/com/mchange/mchange-commons-java/0.2.15/mchange-commons-java-0.2.15.jar:/root/.mvnrepository/com/zaxxer/HikariCP-java7/2.4.13/HikariCP-java7-2.4.13.jar:/root/.mvnrepository/org/nuxeo/runtime/nuxeo-runtime-metrics/2021.21.5/nuxeo-runtime-metrics-2021.21.5.jar:/root/.mvnrepository/io/dropwizard/metrics5/metrics-graphite/5.0.0-rc3/metrics-graphite-5.0.0-rc3.jar:/root/.mvnrepository/com/rabbitmq/amqp-client/5.5.3/amqp-client-5.5.3.jar:/root/.mvnrepository/io/dropwizard/metrics5/metrics-jmx/5.0.0-rc3/metrics-jmx-5.0.0-rc3.jar:/root/.mvnrepository/io/dropwizard/metrics5/metrics-log4j2/5.0.0-rc3/metrics-log4j2-5.0.0-rc3.jar:/root/.mvnrepository/io/dropwizard/metrics5/metrics-jvm/5.0.0-rc3/metrics-jvm-5.0.0-rc3.jar:/root/.mvnrepository/org/coursera/metrics-datadog/2.0.0-RC1/metrics-datadog-2.0.0-RC1.jar:/root/.mvnrepository/org/apache/httpcomponents/fluent-hc/4.5.13/fluent-hc-4.5.13.jar:/root/.mvnrepository/com/datadoghq/java-dogstatsd-client/2.6.1/java-dogstatsd-client-2.6.1.jar:/root/.mvnrepository/com/github/jnr/jnr-unixsocket/0.18/jnr-unixsocket-0.18.jar:/root/.mvnrepository/com/github/jnr/jnr-ffi/2.1.4/jnr-ffi-2.1.4.jar:/root/.mvnrepository/com/github/jnr/jffi/1.2.15/jffi-1.2.15.jar:/root/.mvnrepository/com/github/jnr/jffi/1.2.15/jffi-1.2.15-native.jar:/root/.mvnrepository/org/ow2/asm/asm-commons/5.0.3/asm-commons-5.0.3.jar:/root/.mvnrepository/org/ow2/asm/asm-analysis/5.0.3/asm-analysis-5.0.3.jar:/root/.mvnrepository/org/ow2/asm/asm-tree/5.0.3/asm-tree-5.0.3.jar:/root/.mvnrepository/org/ow2/asm/asm-util/5.0.3/asm-util-5.0.3.jar:/root/.mvnrepository/com/github/jnr/jnr-x86asm/1.0.2/jnr-x86asm-1.0.2.jar:/root/.mvnrepository/com/github/jnr/jnr-constants/0.9.8/jnr-constants-0.9.8.jar:/root/.mvnrepository/com/github/jnr/jnr-enxio/0.16/jnr-enxio-0.16.jar:/root/.mvnrepository/com/github/jnr/jnr-posix/3.0.35/jnr-posix-3.0.35.jar:/root/.mvnrepository/io/opencensus/opencensus-exporter-trace-jaeger/0.27.1/opencensus-exporter-trace-jaeger-0.27.1.jar:/root/.mvnrepository/io/opencensus/opencensus-exporter-trace-util/0.27.1/opencensus-exporter-trace-util-0.27.1.jar:/root/.mvnrepository/io/jaegertracing/jaeger-client/0.33.1/jaeger-client-0.33.1.jar:/root/.mvnrepository/io/jaegertracing/jaeger-thrift/0.33.1/jaeger-thrift-0.33.1.jar:/root/.mvnrepository/org/apache/thrift/libthrift/0.11.0/libthrift-0.11.0.jar:/root/.mvnrepository/com/squareup/okhttp3/okhttp/3.9.0/okhttp-3.9.0.jar:/root/.mvnrepository/com/squareup/okio/okio/1.13.0/okio-1.13.0.jar:/root/.mvnrepository/io/jaegertracing/jaeger-core/0.33.1/jaeger-core-0.33.1.jar:/root/.mvnrepository/io/opentracing/opentracing-api/0.31.0/opentracing-api-0.31.0.jar:/root/.mvnrepository/io/opentracing/opentracing-util/0.31.0/opentracing-util-0.31.0.jar:/root/.mvnrepository/io/opentracing/opentracing-noop/0.31.0/opentracing-noop-0.31.0.jar:/root/.mvnrepository/io/jaegertracing/jaeger-tracerresolver/0.33.1/jaeger-tracerresolver-0.33.1.jar:/root/.mvnrepository/io/opentracing/contrib/opentracing-tracerresolver/0.1.5/opentracing-tracerresolver-0.1.5.jar:/root/.mvnrepository/io/opencensus/opencensus-exporter-trace-datadog/0.27.1/opencensus-exporter-trace-datadog-0.27.1.jar:/root/.mvnrepository/com/google/auto/value/auto-value/1.4/auto-value-1.4.jar:/root/.mvnrepository/io/opencensus/opencensus-exporter-trace-zipkin/0.27.1/opencensus-exporter-trace-zipkin-0.27.1.jar:/root/.mvnrepository/io/zipkin/reporter2/zipkin-reporter/2.7.14/zipkin-reporter-2.7.14.jar:/root/.mvnrepository/io/zipkin/zipkin2/zipkin/2.12.0/zipkin-2.12.0.jar:/root/.mvnrepository/io/zipkin/reporter2/zipkin-sender-urlconnection/2.7.14/zipkin-sender-urlconnection-2.7.14.jar:/root/.mvnrepository/io/opencensus/opencensus-exporter-stats-prometheus/0.27.1/opencensus-exporter-stats-prometheus-0.27.1.jar:/root/.mvnrepository/io/opencensus/opencensus-exporter-metrics-util/0.27.1/opencensus-exporter-metrics-util-0.27.1.jar:/root/.mvnrepository/io/prometheus/simpleclient/0.6.0/simpleclient-0.6.0.jar:/root/.mvnrepository/io/opencensus/opencensus-exporter-trace-stackdriver/0.27.1/opencensus-exporter-trace-stackdriver-0.27.1.jar:/root/.mvnrepository/io/opencensus/opencensus-contrib-resource-util/0.27.1/opencensus-contrib-resource-util-0.27.1.jar:/root/.mvnrepository/com/google/auth/google-auth-library-credentials/0.20.0/google-auth-library-credentials-0.20.0.jar:/root/.mvnrepository/io/grpc/grpc-auth/1.27.2/grpc-auth-1.27.2.jar:/root/.mvnrepository/io/grpc/grpc-api/1.27.2/grpc-api-1.27.2.jar:/root/.mvnrepository/org/codehaus/mojo/animal-sniffer-annotations/1.18/animal-sniffer-annotations-1.18.jar:/root/.mvnrepository/io/grpc/grpc-core/1.27.2/grpc-core-1.27.2.jar:/root/.mvnrepository/com/google/android/annotations/4.1.1.4/annotations-4.1.1.4.jar:/root/.mvnrepository/io/perfmark/perfmark-api/0.19.0/perfmark-api-0.19.0.jar:/root/.mvnrepository/io/grpc/grpc-netty-shaded/1.27.2/grpc-netty-shaded-1.27.2.jar:/root/.mvnrepository/io/grpc/grpc-stub/1.27.2/grpc-stub-1.27.2.jar:/root/.mvnrepository/com/google/cloud/google-cloud-trace/0.100.0-beta/google-cloud-trace-0.100.0-beta.jar:/root/.mvnrepository/com/google/cloud/google-cloud-core-grpc/1.82.0/google-cloud-core-grpc-1.82.0.jar:/root/.mvnrepository/com/google/cloud/google-cloud-core/1.82.0/google-cloud-core-1.82.0.jar:/root/.mvnrepository/com/google/http-client/google-http-client/1.38.0/google-http-client-1.38.0.jar:/root/.mvnrepository/com/google/api/gax/1.47.1/gax-1.47.1.jar:/root/.mvnrepository/com/google/protobuf/protobuf-java-util/3.7.1/protobuf-java-util-3.7.1.jar:/root/.mvnrepository/com/google/api/grpc/proto-google-iam-v1/0.12.0/proto-google-iam-v1-0.12.0.jar:/root/.mvnrepository/com/google/api/gax-grpc/1.47.1/gax-grpc-1.47.1.jar:/root/.mvnrepository/io/grpc/grpc-protobuf/1.21.0/grpc-protobuf-1.21.0.jar:/root/.mvnrepository/io/grpc/grpc-protobuf-lite/1.21.0/grpc-protobuf-lite-1.21.0.jar:/root/.mvnrepository/org/threeten/threetenbp/1.3.3/threetenbp-1.3.3.jar:/root/.mvnrepository/com/google/auth/google-auth-library-oauth2-http/0.16.2/google-auth-library-oauth2-http-0.16.2.jar:/root/.mvnrepository/com/google/http-client/google-http-client-jackson2/1.38.0/google-http-client-jackson2-1.38.0.jar:/root/.mvnrepository/io/grpc/grpc-alts/1.21.0/grpc-alts-1.21.0.jar:/root/.mvnrepository/io/grpc/grpc-grpclb/1.21.0/grpc-grpclb-1.21.0.jar:/root/.mvnrepository/com/google/api/grpc/proto-google-cloud-trace-v1/0.65.0/proto-google-cloud-trace-v1-0.65.0.jar:/root/.mvnrepository/com/google/api/api-common/1.8.1/api-common-1.8.1.jar:/root/.mvnrepository/com/google/api/grpc/proto-google-common-protos/1.16.0/proto-google-common-protos-1.16.0.jar:/root/.mvnrepository/javax/annotation/javax.annotation-api/1.3.2/javax.annotation-api-1.3.2.jar:/root/.mvnrepository/com/google/api/grpc/proto-google-cloud-trace-v2/0.65.0/proto-google-cloud-trace-v2-0.65.0.jar:/root/.mvnrepository/io/opencensus/opencensus-exporter-stats-stackdriver/0.27.1/opencensus-exporter-stats-stackdriver-0.27.1.jar:/root/.mvnrepository/io/opencensus/opencensus-contrib-exemplar-util/0.27.1/opencensus-contrib-exemplar-util-0.27.1.jar:/root/.mvnrepository/com/google/cloud/google-cloud-monitoring/1.82.0/google-cloud-monitoring-1.82.0.jar:/root/.mvnrepository/com/google/api/grpc/proto-google-cloud-monitoring-v3/1.64.0/proto-google-cloud-monitoring-v3-1.64.0.jar:/root/.mvnrepository/io/opencensus/opencensus-contrib-dropwizard5/0.27.1/opencensus-contrib-dropwizard5-0.27.1.jar:/root/.mvnrepository/io/opencensus/opencensus-contrib-zpages/0.27.1/opencensus-contrib-zpages-0.27.1.jar:/root/.mvnrepository/io/opencensus/opencensus-contrib-grpc-metrics/0.27.1/opencensus-contrib-grpc-metrics-0.27.1.jar:/root/.mvnrepository/io/prometheus/simpleclient_httpserver/0.9.0/simpleclient_httpserver-0.9.0.jar:/root/.mvnrepository/io/prometheus/simpleclient_common/0.9.0/simpleclient_common-0.9.0.jar:/root/.mvnrepository/org/nuxeo/lib/stream/nuxeo-stream/2021.21.5/nuxeo-stream-2021.21.5.jar:/root/.mvnrepository/net/openhft/chronicle-queue/5.20.20/chronicle-queue-5.20.20.jar:/root/.mvnrepository/net/openhft/chronicle-core/2.20.21/chronicle-core-2.20.21.jar:/root/.mvnrepository/org/jetbrains/annotations/19.0.0/annotations-19.0.0.jar:/root/.mvnrepository/net/openhft/chronicle-wire/2.20.22/chronicle-wire-2.20.22.jar:/root/.mvnrepository/net/openhft/compiler/2.3.6/compiler-2.3.6.jar:/root/.mvnrepository/net/openhft/chronicle-bytes/2.20.10/chronicle-bytes-2.20.10.jar:/root/.mvnrepository/net/openhft/chronicle-threads/2.17.25/chronicle-threads-2.17.25.jar:/root/.mvnrepository/org/jgrapht/jgrapht-core/1.0.1/jgrapht-core-1.0.1.jar:/root/.mvnrepository/org/apache/kafka/kafka-clients/2.6.0/kafka-clients-2.6.0.jar:/root/.mvnrepository/com/github/luben/zstd-jni/1.4.4-7/zstd-jni-1.4.4-7.jar:/root/.mvnrepository/org/lz4/lz4-java/1.7.1/lz4-java-1.7.1.jar:/root/.mvnrepository/org/xerial/snappy/snappy-java/1.1.7.3/snappy-java-1.1.7.3.jar:/root/.mvnrepository/commons-cli/commons-cli/1.4/commons-cli-1.4.jar:/root/.mvnrepository/net/jodah/failsafe/1.1.0/failsafe-1.1.0.jar:/root/.mvnrepository/io/confluent/kafka-avro-serializer/6.0.0/kafka-avro-serializer-6.0.0.jar:/root/.mvnrepository/io/confluent/kafka-schema-serializer/6.0.0/kafka-schema-serializer-6.0.0.jar:/root/.mvnrepository/io/confluent/common-utils/6.0.0/common-utils-6.0.0.jar:/root/.mvnrepository/io/confluent/kafka-schema-registry-client/6.0.0/kafka-schema-registry-client-6.0.0.jar:/root/.mvnrepository/io/swagger/swagger-annotations/1.6.2/swagger-annotations-1.6.2.jar:/root/.mvnrepository/org/nuxeo/runtime/nuxeo-runtime-stream/2021.21.5/nuxeo-runtime-stream-2021.21.5.jar:/root/.mvnrepository/io/opencensus/opencensus-api/0.27.1/opencensus-api-0.27.1.jar:/root/.mvnrepository/io/grpc/grpc-context/1.27.2/grpc-context-1.27.2.jar:/root/.mvnrepository/io/opencensus/opencensus-impl/0.27.1/opencensus-impl-0.27.1.jar:/root/.mvnrepository/io/opencensus/opencensus-impl-core/0.27.1/opencensus-impl-core-0.27.1.jar:/root/.mvnrepository/com/lmax/disruptor/3.4.2/disruptor-3.4.2.jar:/root/.mvnrepository/org/nuxeo/ecm/platform/nuxeo-platform-rendering/2021.21.5/nuxeo-platform-rendering-2021.21.5.jar:/root/.mvnrepository/org/wikimodel/wem/2.0.2/wem-2.0.2.jar:/root/.mvnrepository/net/java/dev/javacc/javacc/4.0/javacc-4.0.jar:/root/.mvnrepository/org/nuxeo/ecm/platform/nuxeo-platform-query-api/2021.21.5/nuxeo-platform-query-api-2021.21.5.jar:/root/.mvnrepository/org/nuxeo/ecm/platform/nuxeo-platform-search-api/2021.21.5/nuxeo-platform-search-api-2021.21.5.jar:/root/.mvnrepository/org/nuxeo/ecm/platform/nuxeo-platform-usermanager/2021.21.5/nuxeo-platform-usermanager-2021.21.5.jar:/root/.mvnrepository/org/nuxeo/ecm/core/nuxeo-core-cache/2021.21.5/nuxeo-core-cache-2021.21.5.jar:/root/.mvnrepository/org/nuxeo/ecm/platform/nuxeo-platform-directory-core/2021.21.5/nuxeo-platform-directory-core-2021.21.5.jar:/root/.mvnrepository/org/nuxeo/ecm/core/nuxeo-core-api/2021.21.5/nuxeo-core-api-2021.21.5.jar:/root/.mvnrepository/org/apache/commons/commons-text/1.9/commons-text-1.9.jar:/root/.mvnrepository/org/nuxeo/runtime/nuxeo-runtime-kv/2021.21.5/nuxeo-runtime-kv-2021.21.5.jar:/root/.mvnrepository/net/jodah/expiringmap/0.5.9/expiringmap-0.5.9.jar:/root/.mvnrepository/javax/validation/validation-api/1.0.0.GA/validation-api-1.0.0.GA.jar:/root/.mvnrepository/javax/transaction/javax.transaction-api/1.3/javax.transaction-api-1.3.jar:/root/.mvnrepository/org/nuxeo/ecm/core/nuxeo-core/2021.21.5/nuxeo-core-2021.21.5.jar:/root/.mvnrepository/org/nuxeo/ecm/core/nuxeo-core-el/2021.21.5/nuxeo-core-el-2021.21.5.jar:/root/.mvnrepository/org/apache/tomcat/tomcat-el-api/9.0.63/tomcat-el-api-9.0.63.jar:/root/.mvnrepository/org/nuxeo/ecm/core/nuxeo-core-bulk/2021.21.5/nuxeo-core-bulk-2021.21.5.jar:/root/.mvnrepository/com/google/code/externalsortinginjava/externalsortinginjava/0.6.0/externalsortinginjava-0.6.0.jar:/root/.mvnrepository/org/apache/commons/commons-collections4/4.4/commons-collections4-4.4.jar:/root/.mvnrepository/org/apache/commons/commons-pool2/2.9.0/commons-pool2-2.9.0.jar:/root/.mvnrepository/org/nuxeo/ecm/core/nuxeo-core-convert-api/2021.21.5/nuxeo-core-convert-api-2021.21.5.jar:/root/.mvnrepository/org/nuxeo/ecm/core/nuxeo-core-schema/2021.21.5/nuxeo-core-schema-2021.21.5.jar:/root/.mvnrepository/com/sun/xsom/xsom/20140925/xsom-20140925.jar:/root/.mvnrepository/relaxngDatatype/relaxngDatatype/20020414/relaxngDatatype-20020414.jar:/root/.mvnrepository/org/nuxeo/ecm/platform/nuxeo-mail/2021.21.5/nuxeo-mail-2021.21.5.jar:/root/.mvnrepository/org/apache/commons/commons-exec/1.3/commons-exec-1.3.jar:/root/.mvnrepository/javax/mail/mail/1.4.7/mail-1.4.7.jar:/root/.mvnrepository/org/freemarker/freemarker/2.3.30/freemarker-2.3.30.jar:/root/.mvnrepository/org/nuxeo/ecm/platform/nuxeo-platform-forms-layout-api/2021.21.5/nuxeo-platform-forms-layout-api-2021.21.5.jar:/root/.mvnrepository/org/nuxeo/ecm/platform/nuxeo-platform-forms-layout-core/2021.21.5/nuxeo-platform-forms-layout-core-2021.21.5.jar:/root/.mvnrepository/org/nuxeo/ecm/webengine/nuxeo-webengine-core/2021.21.5/nuxeo-webengine-core-2021.21.5.jar:/root/.mvnrepository/com/sun/jersey/jersey-server/1.19.4/jersey-server-1.19.4.jar:/root/.mvnrepository/com/sun/jersey/jersey-servlet/1.19.4/jersey-servlet-1.19.4.jar:/root/.mvnrepository/org/nuxeo/ecm/platform/nuxeo-platform-api/2021.21.5/nuxeo-platform-api-2021.21.5.jar:/root/.mvnrepository/org/nuxeo/build/nuxeo-apt-extensions/1.0/nuxeo-apt-extensions-1.0.jar:/root/.mvnrepository/org/nuxeo/build/nuxeo-webengine-apt/1.2/nuxeo-webengine-apt-1.2.jar:/root/.mvnrepository/org/nuxeo/ecm/platform/nuxeo-platform-actions-core/2021.21.5/nuxeo-platform-actions-core-2021.21.5.jar:/root/.mvnrepository/org/mvel/mvel2/2.4.10.Final/mvel2-2.4.10.Final.jar:/root/.mvnrepository/org/codehaus/groovy/groovy-all/2.4.12/groovy-all-2.4.12.jar:/root/.mvnrepository/com/google/guava/guava/30.0-jre/guava-30.0-jre.jar:/root/.mvnrepository/com/google/guava/failureaccess/1.0.1/failureaccess-1.0.1.jar:/root/.mvnrepository/com/google/guava/listenablefuture/9999.0-empty-to-avoid-conflict-with-guava/listenablefuture-9999.0-empty-to-avoid-conflict-with-guava.jar:/root/.mvnrepository/com/google/code/findbugs/jsr305/3.0.2/jsr305-3.0.2.jar:/root/.mvnrepository/org/checkerframework/checker-qual/3.5.0/checker-qual-3.5.0.jar:/root/.mvnrepository/com/google/errorprone/error_prone_annotations/2.3.4/error_prone_annotations-2.3.4.jar:/root/.mvnrepository/com/google/j2objc/j2objc-annotations/1.3/j2objc-annotations-1.3.jar:/root/.mvnrepository/com/fasterxml/jackson/core/jackson-core/2.11.3/jackson-core-2.11.3.jar:/root/.mvnrepository/org/apache/pdfbox/pdfbox/2.0.24/pdfbox-2.0.24.jar:/root/.mvnrepository/org/apache/pdfbox/fontbox/2.0.24/fontbox-2.0.24.jar:/root/.mvnrepository/com/sun/activation/javax.activation/1.2.0/javax.activation-1.2.0.jar:/root/.mvnrepository/org/nuxeo/ecm/platform/nuxeo-platform-notification/2021.21.5/nuxeo-platform-notification-2021.21.5.jar:/root/.mvnrepository/org/nuxeo/ecm/platform/nuxeo-platform-url/2021.21.5/nuxeo-platform-url-2021.21.5.jar:/root/.mvnrepository/org/nuxeo/ecm/platform/nuxeo-platform-dublincore/2021.21.5/nuxeo-platform-dublincore-2021.21.5.jar:/root/.mvnrepository/org/nuxeo/ecm/platform/nuxeo-platform-audit-core/2021.21.5/nuxeo-platform-audit-core-2021.21.5.jar:/root/.mvnrepository/org/nuxeo/ecm/core/nuxeo-core-persistence/2021.21.5/nuxeo-core-persistence-2021.21.5.jar:/root/.mvnrepository/org/hibernate/hibernate-entitymanager/3.4.0.GA/hibernate-entitymanager-3.4.0.GA.jar:/root/.mvnrepository/javax/transaction/jta/1.1/jta-1.1.jar:/root/.mvnrepository/org/javassist/javassist/3.27.0-GA/javassist-3.27.0-GA.jar:/root/.mvnrepository/org/nuxeo/ecm/platform/nuxeo-platform-audit-api/2021.21.5/nuxeo-platform-audit-api-2021.21.5.jar:/root/.mvnrepository/javax/persistence/persistence-api/1.0.2/persistence-api-1.0.2.jar:/root/.mvnrepository/org/jboss/el/jboss-el/1.0_02.CR6/jboss-el-1.0_02.CR6.jar:/root/.mvnrepository/org/hibernate/hibernate-annotations/3.4.0.GA/hibernate-annotations-3.4.0.GA.jar:/root/.mvnrepository/org/hibernate/hibernate-commons-annotations/3.1.0.GA/hibernate-commons-annotations-3.1.0.GA.jar:/root/.mvnrepository/org/apache/avro/avro/1.9.2/avro-1.9.2.jar:/root/.mvnrepository/org/apache/commons/commons-compress/1.21/commons-compress-1.21.jar:/root/.mvnrepository/org/nuxeo/ecm/platform/nuxeo-thumbnail/2021.21.5/nuxeo-thumbnail-2021.21.5.jar:/root/.mvnrepository/org/nuxeo/ecm/core/nuxeo-core-convert/2021.21.5/nuxeo-core-convert-2021.21.5.jar:/root/.mvnrepository/org/nuxeo/ecm/core/nuxeo-core-storage-sql/2021.21.5/nuxeo-core-storage-sql-2021.21.5.jar:/root/.mvnrepository/commons-beanutils/commons-beanutils/1.9.4/commons-beanutils-1.9.4.jar:/root/.mvnrepository/net/sf/ehcache/ehcache-core/2.6.11/ehcache-core-2.6.11.jar:/root/.mvnrepository/org/nuxeo/runtime/nuxeo-runtime-pubsub/2021.21.5/nuxeo-runtime-pubsub-2021.21.5.jar:/root/.mvnrepository/org/nuxeo/ecm/platform/nuxeo-platform-types/2021.21.5/nuxeo-platform-types-2021.21.5.jar:/root/.mvnrepository/org/nuxeo/ecm/platform/nuxeo-platform-commandline-executor/2021.21.5/nuxeo-platform-commandline-executor-2021.21.5.jar:/root/.mvnrepository/org/nuxeo/runtime/nuxeo-launcher-commons/2021.21.5/nuxeo-launcher-commons-2021.21.5.jar:/root/.mvnrepository/org/nuxeo/connect/nuxeo-connect-client/1.8.3/nuxeo-connect-client-1.8.3.jar:/root/.mvnrepository/org/eclipse/equinox/org.eclipse.equinox.p2.cudf/1.17-NX/org.eclipse.equinox.p2.cudf-1.17-NX.jar:/root/.mvnrepository/org/sat4j/org.sat4j.pb/2.3.1/org.sat4j.pb-2.3.1.jar:/root/.mvnrepository/org/sat4j/org.sat4j.core/2.3.1/org.sat4j.core-2.3.1.jar:/root/.mvnrepository/org/eclipse/core/org.eclipse.core.jobs/3.5.0.v20100515/org.eclipse.core.jobs-3.5.0.v20100515.jar:/root/.mvnrepository/org/eclipse/equinox/org.eclipse.equinox.common/3.6.0.v20100503/org.eclipse.equinox.common-3.6.0.v20100503.jar:/root/.mvnrepository/org/json/json/20200518/json-20200518.jar:/root/.mvnrepository/jakarta/xml/bind/jakarta.xml.bind-api/2.3.3/jakarta.xml.bind-api-2.3.3.jar:/root/.mvnrepository/com/sun/xml/bind/jaxb-impl/2.3.3/jaxb-impl-2.3.3.jar:/root/.mvnrepository/org/nuxeo/ecm/core/nuxeo-core-mimetype/2021.21.5/nuxeo-core-mimetype-2021.21.5.jar:/root/.mvnrepository/jmimemagic/jmimemagic/0.1.2/jmimemagic-0.1.2.jar:/root/.mvnrepository/oro/oro/2.0.8/oro-2.0.8.jar:/root/.mvnrepository/org/apache/poi/poi/4.1.2/poi-4.1.2.jar:/root/.mvnrepository/org/apache/commons/commons-math3/3.6.1/commons-math3-3.6.1.jar:/root/.mvnrepository/com/zaxxer/SparseBitSet/1.2/SparseBitSet-1.2.jar:/root/.mvnrepository/org/apache/poi/poi-scratchpad/4.1.2/poi-scratchpad-4.1.2.jar:/root/.mvnrepository/org/nuxeo/ecm/platform/nuxeo-platform-web-common/2021.21.5/nuxeo-platform-web-common-2021.21.5.jar:/root/.mvnrepository/javax/servlet/jsp/jsp-api/2.2/jsp-api-2.2.jar:/root/.mvnrepository/org/dom4j/dom4j/2.1.3/dom4j-2.1.3.jar:/root/.mvnrepository/com/thetransactioncompany/cors-filter/2.9/cors-filter-2.9.jar:/root/.mvnrepository/com/thetransactioncompany/java-property-utils/1.13/java-property-utils-1.13.jar:/root/.mvnrepository/io/opencensus/opencensus-contrib-http-servlet/0.27.1/opencensus-contrib-http-servlet-0.27.1.jar:/root/.mvnrepository/io/opencensus/opencensus-contrib-http-util/0.27.1/opencensus-contrib-http-util-0.27.1.jar:/root/.mvnrepository/javax/servlet/javax.servlet-api/4.0.1/javax.servlet-api-4.0.1.jar:/root/.mvnrepository/org/nuxeo/ecm/platform/nuxeo-platform-video/2021.21.5/nuxeo-platform-video-2021.21.5.jar:/root/.mvnrepository/org/nuxeo/ecm/platform/nuxeo-platform-imaging-core/2021.21.5/nuxeo-platform-imaging-core-2021.21.5.jar:/root/.mvnrepository/org/nuxeo/ecm/platform/nuxeo-preview-core/2021.21.5/nuxeo-preview-core-2021.21.5.jar:/root/.mvnrepository/org/nuxeo/ecm/platform/nuxeo-platform-htmlsanitizer/2021.21.5/nuxeo-platform-htmlsanitizer-2021.21.5.jar:/root/.mvnrepository/com/googlecode/owasp-java-html-sanitizer/owasp-java-html-sanitizer/20211018.2.NX1/owasp-java-html-sanitizer-20211018.2.NX1.jar:/root/.mvnrepository/org/w3c/css/sac/1.3/sac-1.3.jar:/root/.mvnrepository/org/restlet/jse/org.restlet/2.4.2/org.restlet-2.4.2.jar:/root/.mvnrepository/org/nuxeo/ecm/core/nuxeo-core-binarymanager-s3/2021.21.5/nuxeo-core-binarymanager-s3-2021.21.5.jar:/root/.mvnrepository/org/nuxeo/runtime/nuxeo-runtime-aws/2021.21.5/nuxeo-runtime-aws-2021.21.5.jar:/root/.mvnrepository/org/nuxeo/ecm/core/nuxeo-core-io/2021.21.5/nuxeo-core-io-2021.21.5.jar:/root/.mvnrepository/jaxen/jaxen/1.2.0/jaxen-1.2.0.jar:/root/.mvnrepository/com/sun/jersey/jersey-client/1.19.4/jersey-client-1.19.4.jar:/root/.mvnrepository/org/nuxeo/ecm/core/nuxeo-core-storage/2021.21.5/nuxeo-core-storage-2021.21.5.jar:/root/.mvnrepository/net/htmlparser/jericho/jericho-html/3.4/jericho-html-3.4.jar:/root/.mvnrepository/org/nuxeo/ecm/automation/nuxeo-automation-server/2021.21.5/nuxeo-automation-server-2021.21.5.jar:/root/.mvnrepository/org/nuxeo/ecm/webengine/nuxeo-webengine-base/2021.21.5/nuxeo-webengine-base-2021.21.5.jar:/root/.mvnrepository/org/nuxeo/ecm/platform/nuxeo-platform-comment-api/2021.21.5/nuxeo-platform-comment-api-2021.21.5.jar:/root/.mvnrepository/com/amazonaws/aws-java-sdk-core/1.11.885/aws-java-sdk-core-1.11.885.jar:/root/.mvnrepository/software/amazon/ion/ion-java/1.0.2/ion-java-1.0.2.jar:/root/.mvnrepository/com/fasterxml/jackson/dataformat/jackson-dataformat-cbor/2.13.0/jackson-dataformat-cbor-2.13.0.jar:/root/.mvnrepository/joda-time/joda-time/2.10.6/joda-time-2.10.6.jar:/root/.mvnrepository/com/amazonaws/aws-java-sdk-s3/1.11.885/aws-java-sdk-s3-1.11.885.jar:/root/.mvnrepository/com/amazonaws/aws-java-sdk-kms/1.11.885/aws-java-sdk-kms-1.11.885.jar:/root/.mvnrepository/com/amazonaws/jmespath-java/1.11.885/jmespath-java-1.11.885.jar:/root/.mvnrepository/com/amazonaws/aws-java-sdk-cloudfront/1.11.885/aws-java-sdk-cloudfront-1.11.885.jar:/root/.mvnrepository/com/amazonaws/aws-java-sdk-sts/1.11.885/aws-java-sdk-sts-1.11.885.jar:/root/.mvnrepository/org/nuxeo/ecm/core/nuxeo-core-binarymanager-common/2021.21.5/nuxeo-core-binarymanager-common-2021.21.5.jar:/root/.mvnrepository/org/nuxeo/ecm/core/nuxeo-core-management/2021.21.5/nuxeo-core-management-2021.21.5.jar:/root/.mvnrepository/org/nuxeo/runtime/nuxeo-runtime-management/2021.21.5/nuxeo-runtime-management-2021.21.5.jar:/root/.mvnrepository/org/javasimon/javasimon-core/2.5.0/javasimon-core-2.5.0.jar:/root/.mvnrepository/org/javasimon/javasimon-jmx/2.5.0/javasimon-jmx-2.5.0.jar:/root/.mvnrepository/org/javasimon/javasimon-jdbc3/2.5.0/javasimon-jdbc3-2.5.0.jar:/root/.mvnrepository/com/thoughtworks/xstream/xstream/1.4.18/xstream-1.4.18.jar:/root/.mvnrepository/io/github/x-stream/mxparser/1.2.2/mxparser-1.2.2.jar:/root/.mvnrepository/org/nuxeo/ecm/platform/nuxeo-platform-rendition-api/2021.21.5/nuxeo-platform-rendition-api-2021.21.5.jar:/root/.mvnrepository/org/nuxeo/ecm/automation/nuxeo-automation-test/2021.21.5/nuxeo-automation-test-2021.21.5.jar:/root/.mvnrepository/org/nuxeo/ecm/automation/nuxeo-automation-io/2021.21.5/nuxeo-automation-io-2021.21.5.jar:/root/.mvnrepository/org/yaml/snakeyaml/1.27/snakeyaml-1.27.jar:/root/.mvnrepository/org/nuxeo/ecm/platform/nuxeo-platform-forms-layout-export/2021.21.5/nuxeo-platform-forms-layout-export-2021.21.5.jar:/root/.mvnrepository/org/nuxeo/ecm/platform/nuxeo-invite/2021.21.5/nuxeo-invite-2021.21.5.jar:/root/.mvnrepository/org/nuxeo/ecm/automation/nuxeo-automation-scripting/2021.21.5/nuxeo-automation-scripting-2021.21.5.jar:/root/.mvnrepository/com/sun/jersey/jersey-core/1.19.4/jersey-core-1.19.4.jar:/root/.mvnrepository/javax/ws/rs/jsr311-api/1.1.1/jsr311-api-1.1.1.jar:/root/.mvnrepository/org/nuxeo/ecm/webengine/nuxeo-webengine-jaxrs/2021.21.5/nuxeo-webengine-jaxrs-2021.21.5.jar:/root/.mvnrepository/org/nuxeo/ecm/core/nuxeo-core-test/2021.21.5/nuxeo-core-test-2021.21.5.jar:/root/.mvnrepository/org/nuxeo/runtime/nuxeo-runtime-mongodb/2021.21.5/nuxeo-runtime-mongodb-2021.21.5.jar:/root/.mvnrepository/org/nuxeo/runtime/nuxeo-runtime-cluster/2021.21.5/nuxeo-runtime-cluster-2021.21.5-tests.jar:/root/.mvnrepository/org/nuxeo/runtime/nuxeo-runtime-stream/2021.21.5/nuxeo-runtime-stream-2021.21.5-tests.jar:/root/.mvnrepository/org/nuxeo/ecm/core/nuxeo-core-io/2021.21.5/nuxeo-core-io-2021.21.5-tests.jar:/root/.mvnrepository/org/nuxeo/ecm/core/nuxeo-core-bulk/2021.21.5/nuxeo-core-bulk-2021.21.5-tests.jar:/root/.mvnrepository/org/nuxeo/ecm/core/nuxeo-core-event/2021.21.5/nuxeo-core-event-2021.21.5-tests.jar:/root/.mvnrepository/org/nuxeo/ecm/core/nuxeo-core-storage-sql-test/2021.21.5/nuxeo-core-storage-sql-test-2021.21.5.jar:/root/.mvnrepository/org/nuxeo/lib/core/nuxeo-core-storage-sql-extensions/2021.21.5/nuxeo-core-storage-sql-extensions-2021.21.5.jar:/root/.mvnrepository/com/h2database/h2/1.4.200/h2-1.4.200.jar:/root/.mvnrepository/org/apache/lucene/lucene-core/8.6.2/lucene-core-8.6.2.jar:/root/.mvnrepository/org/apache/lucene/lucene-queryparser/8.6.2/lucene-queryparser-8.6.2.jar:/root/.mvnrepository/org/apache/lucene/lucene-queries/8.6.2/lucene-queries-8.6.2.jar:/root/.mvnrepository/org/apache/lucene/lucene-sandbox/8.6.2/lucene-sandbox-8.6.2.jar:/root/.mvnrepository/org/apache/lucene/lucene-analyzers-common/8.6.2/lucene-analyzers-common-8.6.2.jar:/root/.mvnrepository/org/postgresql/postgresql/42.3.3/postgresql-42.3.3.jar:/root/.mvnrepository/mysql/mysql-connector-java/8.0.22/mysql-connector-java-8.0.22.jar:/root/.mvnrepository/com/google/protobuf/protobuf-java/3.11.4/protobuf-java-3.11.4.jar:/root/.mvnrepository/org/mariadb/jdbc/mariadb-java-client/2.2.4/mariadb-java-client-2.2.4.jar:/root/.mvnrepository/com/microsoft/sqlserver/mssql-jdbc/7.0.0.jre8/mssql-jdbc-7.0.0.jre8.jar:/root/.mvnrepository/org/nuxeo/ecm/core/nuxeo-core-storage-dbs/2021.21.5/nuxeo-core-storage-dbs-2021.21.5-tests.jar:/root/.mvnrepository/org/nuxeo/ecm/core/nuxeo-core-storage-mem/2021.21.5/nuxeo-core-storage-mem-2021.21.5.jar:/root/.mvnrepository/org/nuxeo/ecm/core/nuxeo-core-storage-dbs/2021.21.5/nuxeo-core-storage-dbs-2021.21.5.jar:/root/.mvnrepository/org/nuxeo/ecm/core/nuxeo-core-storage-mongodb/2021.21.5/nuxeo-core-storage-mongodb-2021.21.5.jar:/root/.mvnrepository/com/github/kirviq/dumbster/1.7.1/dumbster-1.7.1.jar:/root/.mvnrepository/org/nuxeo/ecm/platform/nuxeo-features-test/2021.21.5/nuxeo-features-test-2021.21.5.jar:/root/.mvnrepository/com/sun/jersey/contribs/jersey-apache-client4/1.19.4/jersey-apache-client4-1.19.4.jar:/root/.mvnrepository/org/nuxeo/ecm/webengine/nuxeo-webengine-ui/2021.21.5/nuxeo-webengine-ui-2021.21.5.jar:/root/.mvnrepository/net/sf/json-lib/json-lib/2.4/json-lib-2.4-jdk15.jar:/root/.mvnrepository/net/sf/ezmorph/ezmorph/1.0.4/ezmorph-1.0.4.jar:/root/.mvnrepository/org/nuxeo/ecm/core/nuxeo-core-management-jtajca/2021.21.5/nuxeo-core-management-jtajca-2021.21.5.jar:/root/.mvnrepository/org/apache/tomcat/tomcat-dbcp/9.0.63/tomcat-dbcp-9.0.63.jar:/root/.mvnrepository/com/datadoghq/dd-trace-api/0.93.0/dd-trace-api-0.93.0.jar:/root/.mvnrepository/javax/annotation/jsr250-api/1.0/jsr250-api-1.0.jar:/root/.mvnrepository/org/nuxeo/ecm/automation/nuxeo-automation-core/2021.21.5/nuxeo-automation-core-2021.21.5-tests.jar:/root/.mvnrepository/org/apache/httpcomponents/httpcore/4.4.13/httpcore-4.4.13.jar:/root/.mvnrepository/org/apache/httpcomponents/httpclient/4.5.13/httpclient-4.5.13.jar:/root/.mvnrepository/org/nuxeo/ecm/automation/nuxeo-automation-features/2021.21.5/nuxeo-automation-features-2021.21.5.jar:/root/.mvnrepository/org/nuxeo/ecm/platform/nuxeo-platform-uidgen-core/2021.21.5/nuxeo-platform-uidgen-core-2021.21.5.jar:/root/.mvnrepository/org/nuxeo/ecm/platform/nuxeo-platform-relations-api/2021.21.5/nuxeo-platform-relations-api-2021.21.5.jar:/root/.mvnrepository/org/nuxeo/ecm/platform/nuxeo-platform-userworkspace/2021.21.5/nuxeo-platform-userworkspace-2021.21.5.jar:/root/.mvnrepository/org/nuxeo/ecm/platform/nuxeo-platform-collections-core/2021.21.5/nuxeo-platform-collections-core-2021.21.5-tests.jar:/root/.mvnrepository/com/sun/jersey/contribs/jersey-multipart/1.19.4/jersey-multipart-1.19.4.jar:/root/.mvnrepository/org/jvnet/mimepull/mimepull/1.9.3/mimepull-1.9.3.jar:/root/.mvnrepository/org/nuxeo/runtime/nuxeo-runtime-jtajca/2021.21.5/nuxeo-runtime-jtajca-2021.21.5.jar:/root/.mvnrepository/org/apache/geronimo/components/geronimo-transaction/3.1.4-NX1/geronimo-transaction-3.1.4-NX1.jar:/root/.mvnrepository/org/apache/xbean/xbean-naming/4.18/xbean-naming-4.18.jar:/root/.mvnrepository/org/osgi/org.osgi.compendium/4.2.0/org.osgi.compendium-4.2.0.jar:/root/.mvnrepository/org/nuxeo/runtime/nuxeo-runtime-test/2021.21.5/nuxeo-runtime-test-2021.21.5.jar:/root/.mvnrepository/javax/inject/javax.inject/1/javax.inject-1.jar:/root/.mvnrepository/com/google/inject/guice/3.0/guice-3.0.jar:/root/.mvnrepository/aopalliance/aopalliance/1.0/aopalliance-1.0.jar:/root/.mvnrepository/io/github/classgraph/classgraph/4.8.90/classgraph-4.8.90.jar:/root/.mvnrepository/org/nuxeo/runtime/nuxeo-runtime-osgi/2021.21.5/nuxeo-runtime-osgi-2021.21.5.jar:/root/.mvnrepository/com/tngtech/jgiven/jgiven-core/0.18.2/jgiven-core-0.18.2.jar:/root/.mvnrepository/com/google/code/gson/gson/2.8.6/gson-2.8.6.jar:/root/.mvnrepository/com/thoughtworks/paranamer/paranamer/2.8/paranamer-2.8.jar:/root/.mvnrepository/net/bytebuddy/byte-buddy/1.9.2/byte-buddy-1.9.2.jar:/root/.mvnrepository/org/fusesource/jansi/jansi/1.18/jansi-1.18.jar:/root/.mvnrepository/com/tngtech/jgiven/jgiven-junit/0.18.2/jgiven-junit-0.18.2.jar:/root/.mvnrepository/com/tngtech/jgiven/jgiven-html5-report/0.18.2/jgiven-html5-report-0.18.2.jar:/root/.mvnrepository/com/tngtech/jgiven/jgiven-html-app/0.18.2/jgiven-html-app-0.18.2.jar:/root/.mvnrepository/com/tngtech/java/junit-dataprovider/1.13.1/junit-dataprovider-1.13.1.jar:/root/.mvnrepository/org/jmock/jmock/2.12.0/jmock-2.12.0.jar:/root/.mvnrepository/org/jmock/jmock-testjar/2.12.0/jmock-testjar-2.12.0.jar:/root/.mvnrepository/com/google/code/findbugs/annotations/3.0.1/annotations-3.0.1.jar:/root/.mvnrepository/net/jcip/jcip-annotations/1.0/jcip-annotations-1.0.jar:/root/.mvnrepository/org/hamcrest/hamcrest/2.1/hamcrest-2.1.jar:/root/.mvnrepository/org/hamcrest/hamcrest-library/1.3/hamcrest-library-1.3.jar:/root/.mvnrepository/org/apache-extras/beanshell/bsh/2.0b6/bsh-2.0b6.jar:/root/.mvnrepository/org/jmock/jmock-junit4/2.12.0/jmock-junit4-2.12.0.jar:/root/.mvnrepository/org/jmock/jmock-legacy/2.12.0/jmock-legacy-2.12.0.jar:/root/.mvnrepository/org/jmock/jmock-imposters/2.12.0/jmock-imposters-2.12.0.jar:/root/.mvnrepository/org/assertj/assertj-core/3.17.2/assertj-core-3.17.2.jar:/root/.mvnrepository/org/mockito/mockito-core/1.9.5/mockito-core-1.9.5.jar:/root/.mvnrepository/org/objenesis/objenesis/1.0/objenesis-1.0.jar:/root/.mvnrepository/commons-collections/commons-collections/3.2.2/commons-collections-3.2.2.jar:/root/.mvnrepository/org/nuxeo/runtime/nuxeo-runtime-server/2021.21.5/nuxeo-runtime-server-2021.21.5.jar:/root/.mvnrepository/org/nuxeo/runtime/nuxeo-runtime-deploy/2021.21.5/nuxeo-runtime-deploy-2021.21.5.jar:/root/.mvnrepository/org/apache/tomcat/tomcat-catalina/9.0.63/tomcat-catalina-9.0.63.jar:/root/.mvnrepository/org/apache/tomcat/tomcat-jsp-api/9.0.63/tomcat-jsp-api-9.0.63.jar:/root/.mvnrepository/org/apache/tomcat/tomcat-juli/9.0.63/tomcat-juli-9.0.63.jar:/root/.mvnrepository/org/apache/tomcat/tomcat-api/9.0.63/tomcat-api-9.0.63.jar:/root/.mvnrepository/org/apache/tomcat/tomcat-jni/9.0.63/tomcat-jni-9.0.63.jar:/root/.mvnrepository/org/apache/tomcat/tomcat-util-scan/9.0.63/tomcat-util-scan-9.0.63.jar:/root/.mvnrepository/org/apache/tomcat/tomcat-jaspic-api/9.0.63/tomcat-jaspic-api-9.0.63.jar:/root/.mvnrepository/org/apache/tomcat/tomcat-coyote/9.0.63/tomcat-coyote-9.0.63.jar:/root/.mvnrepository/org/apache/tomcat/tomcat-util/9.0.63/tomcat-util-9.0.63.jar:/root/.mvnrepository/org/apache/tomcat/tomcat-jasper/9.0.63/tomcat-jasper-9.0.63.jar:/root/.mvnrepository/org/eclipse/jdt/ecj/3.26.0/ecj-3.26.0.jar:/root/.mvnrepository/org/apache/tomcat/tomcat-jasper-el/9.0.63/tomcat-jasper-el-9.0.63.jar:/root/.mvnrepository/org/hamcrest/hamcrest-core/1.3/hamcrest-core-1.3.jar:/root/.mvnrepository/org/seleniumhq/selenium/selenium-api/2.53.0/selenium-api-2.53.0.jar:/root/.mvnrepository/org/seleniumhq/selenium/selenium-support/2.53.0/selenium-support-2.53.0.jar:/root/.mvnrepository/org/seleniumhq/selenium/selenium-remote-driver/2.53.0/selenium-remote-driver-2.53.0.jar:/root/.mvnrepository/cglib/cglib-nodep/3.3.0/cglib-nodep-3.3.0.jar:/root/.mvnrepository/org/seleniumhq/selenium/selenium-firefox-driver/2.53.0/selenium-firefox-driver-2.53.0.jar:/root/.mvnrepository/org/seleniumhq/selenium/selenium-ie-driver/2.53.0/selenium-ie-driver-2.53.0.jar:/root/.mvnrepository/net/java/dev/jna/jna/4.5.2/jna-4.5.2.jar:/root/.mvnrepository/net/java/dev/jna/jna-platform/4.5.2/jna-platform-4.5.2.jar:/root/.mvnrepository/org/seleniumhq/selenium/selenium-chrome-driver/2.53.0/selenium-chrome-driver-2.53.0.jar:/root/.mvnrepository/org/seleniumhq/selenium/htmlunit-driver/2.20/htmlunit-driver-2.20.jar:/root/.mvnrepository/net/sourceforge/htmlunit/htmlunit/2.20/htmlunit-2.20.jar:/root/.mvnrepository/xalan/xalan/2.7.2/xalan-2.7.2.jar:/root/.mvnrepository/xalan/serializer/2.7.2/serializer-2.7.2.jar:/root/.mvnrepository/org/apache/httpcomponents/httpmime/4.5.13/httpmime-4.5.13.jar:/root/.mvnrepository/net/sourceforge/htmlunit/htmlunit-core-js/2.17/htmlunit-core-js-2.17.jar:/root/.mvnrepository/net/sourceforge/nekohtml/nekohtml/1.9.22/nekohtml-1.9.22.jar:/root/.mvnrepository/net/sourceforge/cssparser/cssparser/0.9.18/cssparser-0.9.18.jar:/root/.mvnrepository/org/eclipse/jetty/websocket/websocket-client/9.2.15.v20160210/websocket-client-9.2.15.v20160210.jar:/root/.mvnrepository/org/eclipse/jetty/jetty-util/9.2.15.v20160210/jetty-util-9.2.15.v20160210.jar:/root/.mvnrepository/org/eclipse/jetty/jetty-io/9.2.15.v20160210/jetty-io-9.2.15.v20160210.jar:/root/.mvnrepository/org/eclipse/jetty/websocket/websocket-common/9.2.15.v20160210/websocket-common-9.2.15.v20160210.jar:/root/.mvnrepository/org/eclipse/jetty/websocket/websocket-api/9.2.15.v20160210/websocket-api-9.2.15.v20160210.jar:/root/.mvnrepository/org/concordion/concordion/1.3.0/concordion-1.3.0.jar:/root/.mvnrepository/ognl/ognl/2.7.2/ognl-2.7.2.jar:/root/.mvnrepository/org/ow2/asm/asm/7.3.1/asm-7.3.1.jar:/root/.mvnrepository/concurrent/concurrent/1.3.4/concurrent-1.3.4.jar:/root/.mvnrepository/org/nuxeo/ecm/platform/nuxeo-platform-test/2021.21.5/nuxeo-platform-test-2021.21.5.jar:/root/.mvnrepository/org/nuxeo/ecm/core/nuxeo-core-api/2021.21.5/nuxeo-core-api-2021.21.5-tests.jar:/root/.mvnrepository/org/nuxeo/lib/runtime/nuxeo-runtime-launcher/2021.21.5/nuxeo-runtime-launcher-2021.21.5.jar:/root/.mvnrepository/org/nuxeo/ecm/platform/nuxeo-platform-directory-api/2021.21.5/nuxeo-platform-directory-api-2021.21.5.jar:/root/.mvnrepository/org/nuxeo/ecm/platform/nuxeo-platform-directory-sql/2021.21.5/nuxeo-platform-directory-sql-2021.21.5.jar:/root/.mvnrepository/org/nuxeo/ecm/platform/nuxeo-platform-directory-sql/2021.21.5/nuxeo-platform-directory-sql-2021.21.5-tests.jar:/root/.mvnrepository/org/nuxeo/ecm/platform/nuxeo-platform-directory-mongodb/2021.21.5/nuxeo-platform-directory-mongodb-2021.21.5.jar:/root/.mvnrepository/org/mongodb/mongodb-driver-sync/4.1.1/mongodb-driver-sync-4.1.1.jar:/root/.mvnrepository/org/mongodb/bson/4.1.1/bson-4.1.1.jar:/root/.mvnrepository/org/mongodb/mongodb-driver-core/4.1.1/mongodb-driver-core-4.1.1.jar:/root/.mvnrepository/org/nuxeo/ecm/platform/nuxeo-platform-directory-multi/2021.21.5/nuxeo-platform-directory-multi-2021.21.5.jar:/root/.mvnrepository/org/nuxeo/ecm/platform/nuxeo-platform-directory-test/2021.21.5/nuxeo-platform-directory-test-2021.21.5.jar:/root/.mvnrepository/org/nuxeo/ecm/platform/nuxeo-platform-directory-test/2021.21.5/nuxeo-platform-directory-test-2021.21.5-tests.jar:/root/.mvnrepository/org/nuxeo/ecm/core/nuxeo-core-test/2021.21.5/nuxeo-core-test-2021.21.5-tests.jar:/root/.mvnrepository/org/nuxeo/ecm/platform/nuxeo-mail/2021.21.5/nuxeo-mail-2021.21.5-tests.jar:/root/.mvnrepository/org/nuxeo/ecm/platform/nuxeo-platform-login/2021.21.5/nuxeo-platform-login-2021.21.5-tests.jar:/root/.mvnrepository/org/nuxeo/ecm/platform/nuxeo-platform-directory-types-contrib/2021.21.5/nuxeo-platform-directory-types-contrib-2021.21.5.jar:/root/.mvnrepository/org/nuxeo/ecm/platform/nuxeo-platform-content-template-manager/2021.21.5/nuxeo-platform-content-template-manager-2021.21.5.jar:/root/.mvnrepository/org/nuxeo/ecm/platform/nuxeo-platform-directory-ldap/2021.21.5/nuxeo-platform-directory-ldap-2021.21.5.jar:/root/.mvnrepository/org/apache/directory/server/apacheds-core/1.5.1/apacheds-core-1.5.1.jar:/root/.mvnrepository/org/apache/directory/server/apacheds-schema-bootstrap/1.5.1/apacheds-schema-bootstrap-1.5.1.jar:/root/.mvnrepository/jdbm/jdbm/1.0/jdbm-1.0.jar:/root/.mvnrepository/org/apache/directory/server/apacheds-schema-registries/1.5.1/apacheds-schema-registries-1.5.1.jar:/root/.mvnrepository/org/apache/directory/server/apacheds-core-shared/1.5.1/apacheds-core-shared-1.5.1.jar:/root/.mvnrepository/org/apache/directory/server/apacheds-utils/1.5.1/apacheds-utils-1.5.1.jar:/root/.mvnrepository/org/apache/directory/server/apacheds-jdbm-store/1.5.1/apacheds-jdbm-store-1.5.1.jar:/root/.mvnrepository/org/apache/directory/server/apacheds-constants/1.5.1/apacheds-constants-1.5.1.jar:/root/.mvnrepository/org/apache/directory/server/apacheds-btree-base/1.5.1/apacheds-btree-base-1.5.1.jar:/root/.mvnrepository/org/apache/directory/server/apacheds-bootstrap-extract/1.5.1/apacheds-bootstrap-extract-1.5.1.jar:/root/.mvnrepository/org/apache/directory/server/apacheds-kerberos-shared/1.5.1/apacheds-kerberos-shared-1.5.1.jar:/root/.mvnrepository/org/apache/mina/mina-core/1.1.2/mina-core-1.1.2.jar:/root/.mvnrepository/org/apache/directory/server/apacheds-protocol-shared/1.5.1/apacheds-protocol-shared-1.5.1.jar:/root/.mvnrepository/org/apache/directory/shared/shared-ldap/0.9.7/shared-ldap-0.9.7.jar:/root/.mvnrepository/commons-lang/commons-lang/2.6/commons-lang-2.6.jar:/root/.mvnrepository/org/apache/directory/shared/shared-asn1/0.9.7/shared-asn1-0.9.7.jar:/root/.mvnrepository/org/apache/directory/shared/shared-ldap-constants/0.9.7/shared-ldap-constants-0.9.7.jar:/root/.mvnrepository/org/nuxeo/ecm/platform/nuxeo-platform-login/2021.21.5/nuxeo-platform-login-2021.21.5.jar:/root/.mvnrepository/org/apache/commons/commons-csv/1.8/commons-csv-1.8.jar:/root/.mvnrepository/org/hibernate/hibernate-core/3.3.2.GA/hibernate-core-3.3.2.GA.jar:/root/.mvnrepository/antlr/antlr/2.7.7/antlr-2.7.7.jar:/root/.mvnrepository/org/nuxeo/ecm/platform/nuxeo-platform-rendition-core/2021.21.5/nuxeo-platform-rendition-core-2021.21.5.jar:/root/.mvnrepository/org/nuxeo/ecm/platform/nuxeo-platform-collections-core/2021.21.5/nuxeo-platform-collections-core-2021.21.5.jar:/root/.mvnrepository/org/nuxeo/ecm/platform/nuxeo-platform-filemanager/2021.21.5/nuxeo-platform-filemanager-2021.21.5.jar:/root/.mvnrepository/org/nuxeo/ecm/core/nuxeo-core-query/2021.21.5/nuxeo-core-query-2021.21.5.jar:/root/.mvnrepository/cup/java-cup/0.11a/java-cup-0.11a.jar:/root/.mvnrepository/org/nuxeo/ecm/platform/nuxeo-platform-versioning-api/2021.21.5/nuxeo-platform-versioning-api-2021.21.5.jar:/root/.mvnrepository/com/ibm/icu/icu4j/67.1/icu4j-67.1.jar:/root/.mvnrepository/org/nuxeo/ecm/platform/nuxeo-platform-tag/2021.21.5/nuxeo-platform-tag-2021.21.5.jar:/root/.mvnrepository/org/nuxeo/runtime/nuxeo-runtime-migration/2021.21.5/nuxeo-runtime-migration-2021.21.5.jar:/root/.mvnrepository/org/nuxeo/ecm/platform/nuxeo-platform-convert/2021.21.5/nuxeo-platform-convert-2021.21.5.jar:/root/.mvnrepository/commons-fileupload/commons-fileupload/1.4/commons-fileupload-1.4.jar:/root/.mvnrepository/org/nuxeo/ecm/core/nuxeo-core-convert-plugins/2021.21.5/nuxeo-core-convert-plugins-2021.21.5.jar:/root/.mvnrepository/org/apache/poi/poi-ooxml/4.1.2/poi-ooxml-4.1.2.jar:/root/.mvnrepository/org/apache/poi/poi-ooxml-schemas/4.1.2/poi-ooxml-schemas-4.1.2.jar:/root/.mvnrepository/com/github/virtuald/curvesapi/1.06/curvesapi-1.06.jar:/root/.mvnrepository/org/apache/xmlbeans/xmlbeans/3.1.0/xmlbeans-3.1.0.jar:/root/.mvnrepository/com/cforcoding/jmd/jmd/0.8.1-tomasol-3e60e36137/jmd-0.8.1-tomasol-3e60e36137.jar:/root/.mvnrepository/xpp3/xpp3/1.1.4c/xpp3-1.1.4c-clean.jar:/root/.mvnrepository/org/nuxeo/ecm/core/nuxeo-core-binarymanager-s3/2021.21.5/nuxeo-core-binarymanager-s3-2021.21.5-tests.jar:/root/.mvnrepository/commons-logging/commons-logging/1.2/commons-logging-1.2.jar:/root/.mvnrepository/org/apache/logging/log4j/log4j-api/2.17.1/log4j-api-2.17.1.jar:/root/.mvnrepository/org/apache/logging/log4j/log4j-core/2.17.1/log4j-core-2.17.1.jar:/root/.mvnrepository/org/apache/logging/log4j/log4j-jcl/2.17.1/log4j-jcl-2.17.1.jar:/root/.mvnrepository/org/apache/logging/log4j/log4j-slf4j-impl/2.17.1/log4j-slf4j-impl-2.17.1.jar:/root/.mvnrepository/org/slf4j/slf4j-api/1.7.30/slf4j-api-1.7.30.jar:/root/.mvnrepository/junit/junit/4.13.1/junit-4.13.1.jar:/root/.mvnrepository/org/apache/logging/log4j/log4j-1.2-api/2.17.1/log4j-1.2-api-2.17.1.jar:"/>
    <property name="java.vm.vendor" value="Azul Systems, Inc."/>
    <property name="sun.arch.data.model" value="64"/>
    <property name="nuxeo.test.s3storage.transient.bucket" value="nuxeo-platform-coldstorage-transient"/>
    <property name="java.vendor.url" value="http://www.azul.com/"/>
    <property name="nuxeo.test.elasticsearch.addressList" value=""/>
    <property name="user.timezone" value=""/>
    <property name="nuxeo.test.vcs.password" value=""/>
    <property name="net.sourceforge.cobertura.datafile" value="/home/jenkins/workspace/orage_nuxeo-coldstorage_lts-2021/nuxeo-coldstorage/target-mongodb/cobertura/cobertura.ser"/>
    <property name="os.name" value="Linux"/>
    <property name="java.vm.specification.version" value="11"/>
    <property name="sun.java.launcher" value="SUN_STANDARD"/>
    <property name="user.country" value="US"/>
    <property name="nuxeo.test.mongodb.server" value="mongodb://mongodb.platform-coldstorage-lts-2021-1-mongodb.svc.cluster.local"/>
    <property name="nuxeo.test.mongodb.dbname" value="nuxeo"/>
    <property name="sun.boot.library.path" value="/usr/lib/jvm/zulu11-ca/lib"/>
    <property name="sun.java.command" value="/home/jenkins/workspace/orage_nuxeo-coldstorage_lts-2021/nuxeo-coldstorage/target-mongodb/surefire/surefirebooter15818144647193142849.jar /home/jenkins/workspace/orage_nuxeo-coldstorage_lts-2021/nuxeo-coldstorage/target-mongodb/surefire 2023-01-16T16-18-16_371-jvmRun1 surefire17915860858440838211tmp surefire_07612494006900036984tmp"/>
    <property name="jdk.debug" value="release"/>
    <property name="surefire.test.class.path" value="/home/jenkins/workspace/orage_nuxeo-coldstorage_lts-2021/nuxeo-coldstorage/target-mongodb/test-classes:/home/jenkins/workspace/orage_nuxeo-coldstorage_lts-2021/nuxeo-coldstorage/target-mongodb/classes:/root/.mvnrepository/org/nuxeo/runtime/nuxeo-runtime/2021.21.5/nuxeo-runtime-2021.21.5.jar:/root/.mvnrepository/org/nuxeo/common/nuxeo-common/2021.21.5/nuxeo-common-2021.21.5.jar:/root/.mvnrepository/commons-codec/commons-codec/1.15/commons-codec-1.15.jar:/root/.mvnrepository/io/dropwizard/metrics5/metrics-core/5.0.0-rc3/metrics-core-5.0.0-rc3.jar:/root/.mvnrepository/org/osgi/org.osgi.core/4.2.0/org.osgi.core-4.2.0.jar:/root/.mvnrepository/org/apache/commons/commons-lang3/3.11/commons-lang3-3.11.jar:/root/.mvnrepository/commons-io/commons-io/2.8.0/commons-io-2.8.0.jar:/root/.mvnrepository/xerces/xercesImpl/2.12.0-nx1/xercesImpl-2.12.0-nx1.jar:/root/.mvnrepository/com/fasterxml/jackson/core/jackson-databind/2.11.3/jackson-databind-2.11.3.jar:/root/.mvnrepository/com/fasterxml/jackson/core/jackson-annotations/2.11.3/jackson-annotations-2.11.3.jar:/root/.mvnrepository/com/fasterxml/jackson/dataformat/jackson-dataformat-properties/2.11.3/jackson-dataformat-properties-2.11.3.jar:/root/.mvnrepository/org/nuxeo/ecm/automation/nuxeo-automation-core/2021.21.5/nuxeo-automation-core-2021.21.5.jar:/root/.mvnrepository/org/nuxeo/ecm/core/nuxeo-core-event/2021.21.5/nuxeo-core-event-2021.21.5.jar:/root/.mvnrepository/org/nuxeo/runtime/nuxeo-runtime-cluster/2021.21.5/nuxeo-runtime-cluster-2021.21.5.jar:/root/.mvnrepository/org/nuxeo/runtime/nuxeo-runtime-datasource/2021.21.5/nuxeo-runtime-datasource-2021.21.5.jar:/root/.mvnrepository/org/apache/tomcat/tomcat-jdbc/9.0.63/tomcat-jdbc-9.0.63.jar:/root/.mvnrepository/org/apache/commons/commons-dbcp2/2.8.0/commons-dbcp2-2.8.0.jar:/root/.mvnrepository/org/nuxeo/runtime/nuxeo-runtime-reload/2021.21.5/nuxeo-runtime-reload-2021.21.5.jar:/root/.mvnrepository/org/quartz-scheduler/quartz/2.3.2/quartz-2.3.2.jar:/root/.mvnrepository/com/mchange/c3p0/0.9.5.4/c3p0-0.9.5.4.jar:/root/.mvnrepository/com/mchange/mchange-commons-java/0.2.15/mchange-commons-java-0.2.15.jar:/root/.mvnrepository/com/zaxxer/HikariCP-java7/2.4.13/HikariCP-java7-2.4.13.jar:/root/.mvnrepository/org/nuxeo/runtime/nuxeo-runtime-metrics/2021.21.5/nuxeo-runtime-metrics-2021.21.5.jar:/root/.mvnrepository/io/dropwizard/metrics5/metrics-graphite/5.0.0-rc3/metrics-graphite-5.0.0-rc3.jar:/root/.mvnrepository/com/rabbitmq/amqp-client/5.5.3/amqp-client-5.5.3.jar:/root/.mvnrepository/io/dropwizard/metrics5/metrics-jmx/5.0.0-rc3/metrics-jmx-5.0.0-rc3.jar:/root/.mvnrepository/io/dropwizard/metrics5/metrics-log4j2/5.0.0-rc3/metrics-log4j2-5.0.0-rc3.jar:/root/.mvnrepository/io/dropwizard/metrics5/metrics-jvm/5.0.0-rc3/metrics-jvm-5.0.0-rc3.jar:/root/.mvnrepository/org/coursera/metrics-datadog/2.0.0-RC1/metrics-datadog-2.0.0-RC1.jar:/root/.mvnrepository/org/apache/httpcomponents/fluent-hc/4.5.13/fluent-hc-4.5.13.jar:/root/.mvnrepository/com/datadoghq/java-dogstatsd-client/2.6.1/java-dogstatsd-client-2.6.1.jar:/root/.mvnrepository/com/github/jnr/jnr-unixsocket/0.18/jnr-unixsocket-0.18.jar:/root/.mvnrepository/com/github/jnr/jnr-ffi/2.1.4/jnr-ffi-2.1.4.jar:/root/.mvnrepository/com/github/jnr/jffi/1.2.15/jffi-1.2.15.jar:/root/.mvnrepository/com/github/jnr/jffi/1.2.15/jffi-1.2.15-native.jar:/root/.mvnrepository/org/ow2/asm/asm-commons/5.0.3/asm-commons-5.0.3.jar:/root/.mvnrepository/org/ow2/asm/asm-analysis/5.0.3/asm-analysis-5.0.3.jar:/root/.mvnrepository/org/ow2/asm/asm-tree/5.0.3/asm-tree-5.0.3.jar:/root/.mvnrepository/org/ow2/asm/asm-util/5.0.3/asm-util-5.0.3.jar:/root/.mvnrepository/com/github/jnr/jnr-x86asm/1.0.2/jnr-x86asm-1.0.2.jar:/root/.mvnrepository/com/github/jnr/jnr-constants/0.9.8/jnr-constants-0.9.8.jar:/root/.mvnrepository/com/github/jnr/jnr-enxio/0.16/jnr-enxio-0.16.jar:/root/.mvnrepository/com/github/jnr/jnr-posix/3.0.35/jnr-posix-3.0.35.jar:/root/.mvnrepository/io/opencensus/opencensus-exporter-trace-jaeger/0.27.1/opencensus-exporter-trace-jaeger-0.27.1.jar:/root/.mvnrepository/io/opencensus/opencensus-exporter-trace-util/0.27.1/opencensus-exporter-trace-util-0.27.1.jar:/root/.mvnrepository/io/jaegertracing/jaeger-client/0.33.1/jaeger-client-0.33.1.jar:/root/.mvnrepository/io/jaegertracing/jaeger-thrift/0.33.1/jaeger-thrift-0.33.1.jar:/root/.mvnrepository/org/apache/thrift/libthrift/0.11.0/libthrift-0.11.0.jar:/root/.mvnrepository/com/squareup/okhttp3/okhttp/3.9.0/okhttp-3.9.0.jar:/root/.mvnrepository/com/squareup/okio/okio/1.13.0/okio-1.13.0.jar:/root/.mvnrepository/io/jaegertracing/jaeger-core/0.33.1/jaeger-core-0.33.1.jar:/root/.mvnrepository/io/opentracing/opentracing-api/0.31.0/opentracing-api-0.31.0.jar:/root/.mvnrepository/io/opentracing/opentracing-util/0.31.0/opentracing-util-0.31.0.jar:/root/.mvnrepository/io/opentracing/opentracing-noop/0.31.0/opentracing-noop-0.31.0.jar:/root/.mvnrepository/io/jaegertracing/jaeger-tracerresolver/0.33.1/jaeger-tracerresolver-0.33.1.jar:/root/.mvnrepository/io/opentracing/contrib/opentracing-tracerresolver/0.1.5/opentracing-tracerresolver-0.1.5.jar:/root/.mvnrepository/io/opencensus/opencensus-exporter-trace-datadog/0.27.1/opencensus-exporter-trace-datadog-0.27.1.jar:/root/.mvnrepository/com/google/auto/value/auto-value/1.4/auto-value-1.4.jar:/root/.mvnrepository/io/opencensus/opencensus-exporter-trace-zipkin/0.27.1/opencensus-exporter-trace-zipkin-0.27.1.jar:/root/.mvnrepository/io/zipkin/reporter2/zipkin-reporter/2.7.14/zipkin-reporter-2.7.14.jar:/root/.mvnrepository/io/zipkin/zipkin2/zipkin/2.12.0/zipkin-2.12.0.jar:/root/.mvnrepository/io/zipkin/reporter2/zipkin-sender-urlconnection/2.7.14/zipkin-sender-urlconnection-2.7.14.jar:/root/.mvnrepository/io/opencensus/opencensus-exporter-stats-prometheus/0.27.1/opencensus-exporter-stats-prometheus-0.27.1.jar:/root/.mvnrepository/io/opencensus/opencensus-exporter-metrics-util/0.27.1/opencensus-exporter-metrics-util-0.27.1.jar:/root/.mvnrepository/io/prometheus/simpleclient/0.6.0/simpleclient-0.6.0.jar:/root/.mvnrepository/io/opencensus/opencensus-exporter-trace-stackdriver/0.27.1/opencensus-exporter-trace-stackdriver-0.27.1.jar:/root/.mvnrepository/io/opencensus/opencensus-contrib-resource-util/0.27.1/opencensus-contrib-resource-util-0.27.1.jar:/root/.mvnrepository/com/google/auth/google-auth-library-credentials/0.20.0/google-auth-library-credentials-0.20.0.jar:/root/.mvnrepository/io/grpc/grpc-auth/1.27.2/grpc-auth-1.27.2.jar:/root/.mvnrepository/io/grpc/grpc-api/1.27.2/grpc-api-1.27.2.jar:/root/.mvnrepository/org/codehaus/mojo/animal-sniffer-annotations/1.18/animal-sniffer-annotations-1.18.jar:/root/.mvnrepository/io/grpc/grpc-core/1.27.2/grpc-core-1.27.2.jar:/root/.mvnrepository/com/google/android/annotations/4.1.1.4/annotations-4.1.1.4.jar:/root/.mvnrepository/io/perfmark/perfmark-api/0.19.0/perfmark-api-0.19.0.jar:/root/.mvnrepository/io/grpc/grpc-netty-shaded/1.27.2/grpc-netty-shaded-1.27.2.jar:/root/.mvnrepository/io/grpc/grpc-stub/1.27.2/grpc-stub-1.27.2.jar:/root/.mvnrepository/com/google/cloud/google-cloud-trace/0.100.0-beta/google-cloud-trace-0.100.0-beta.jar:/root/.mvnrepository/com/google/cloud/google-cloud-core-grpc/1.82.0/google-cloud-core-grpc-1.82.0.jar:/root/.mvnrepository/com/google/cloud/google-cloud-core/1.82.0/google-cloud-core-1.82.0.jar:/root/.mvnrepository/com/google/http-client/google-http-client/1.38.0/google-http-client-1.38.0.jar:/root/.mvnrepository/com/google/api/gax/1.47.1/gax-1.47.1.jar:/root/.mvnrepository/com/google/protobuf/protobuf-java-util/3.7.1/protobuf-java-util-3.7.1.jar:/root/.mvnrepository/com/google/api/grpc/proto-google-iam-v1/0.12.0/proto-google-iam-v1-0.12.0.jar:/root/.mvnrepository/com/google/api/gax-grpc/1.47.1/gax-grpc-1.47.1.jar:/root/.mvnrepository/io/grpc/grpc-protobuf/1.21.0/grpc-protobuf-1.21.0.jar:/root/.mvnrepository/io/grpc/grpc-protobuf-lite/1.21.0/grpc-protobuf-lite-1.21.0.jar:/root/.mvnrepository/org/threeten/threetenbp/1.3.3/threetenbp-1.3.3.jar:/root/.mvnrepository/com/google/auth/google-auth-library-oauth2-http/0.16.2/google-auth-library-oauth2-http-0.16.2.jar:/root/.mvnrepository/com/google/http-client/google-http-client-jackson2/1.38.0/google-http-client-jackson2-1.38.0.jar:/root/.mvnrepository/io/grpc/grpc-alts/1.21.0/grpc-alts-1.21.0.jar:/root/.mvnrepository/io/grpc/grpc-grpclb/1.21.0/grpc-grpclb-1.21.0.jar:/root/.mvnrepository/com/google/api/grpc/proto-google-cloud-trace-v1/0.65.0/proto-google-cloud-trace-v1-0.65.0.jar:/root/.mvnrepository/com/google/api/api-common/1.8.1/api-common-1.8.1.jar:/root/.mvnrepository/com/google/api/grpc/proto-google-common-protos/1.16.0/proto-google-common-protos-1.16.0.jar:/root/.mvnrepository/javax/annotation/javax.annotation-api/1.3.2/javax.annotation-api-1.3.2.jar:/root/.mvnrepository/com/google/api/grpc/proto-google-cloud-trace-v2/0.65.0/proto-google-cloud-trace-v2-0.65.0.jar:/root/.mvnrepository/io/opencensus/opencensus-exporter-stats-stackdriver/0.27.1/opencensus-exporter-stats-stackdriver-0.27.1.jar:/root/.mvnrepository/io/opencensus/opencensus-contrib-exemplar-util/0.27.1/opencensus-contrib-exemplar-util-0.27.1.jar:/root/.mvnrepository/com/google/cloud/google-cloud-monitoring/1.82.0/google-cloud-monitoring-1.82.0.jar:/root/.mvnrepository/com/google/api/grpc/proto-google-cloud-monitoring-v3/1.64.0/proto-google-cloud-monitoring-v3-1.64.0.jar:/root/.mvnrepository/io/opencensus/opencensus-contrib-dropwizard5/0.27.1/opencensus-contrib-dropwizard5-0.27.1.jar:/root/.mvnrepository/io/opencensus/opencensus-contrib-zpages/0.27.1/opencensus-contrib-zpages-0.27.1.jar:/root/.mvnrepository/io/opencensus/opencensus-contrib-grpc-metrics/0.27.1/opencensus-contrib-grpc-metrics-0.27.1.jar:/root/.mvnrepository/io/prometheus/simpleclient_httpserver/0.9.0/simpleclient_httpserver-0.9.0.jar:/root/.mvnrepository/io/prometheus/simpleclient_common/0.9.0/simpleclient_common-0.9.0.jar:/root/.mvnrepository/org/nuxeo/lib/stream/nuxeo-stream/2021.21.5/nuxeo-stream-2021.21.5.jar:/root/.mvnrepository/net/openhft/chronicle-queue/5.20.20/chronicle-queue-5.20.20.jar:/root/.mvnrepository/net/openhft/chronicle-core/2.20.21/chronicle-core-2.20.21.jar:/root/.mvnrepository/org/jetbrains/annotations/19.0.0/annotations-19.0.0.jar:/root/.mvnrepository/net/openhft/chronicle-wire/2.20.22/chronicle-wire-2.20.22.jar:/root/.mvnrepository/net/openhft/compiler/2.3.6/compiler-2.3.6.jar:/root/.mvnrepository/net/openhft/chronicle-bytes/2.20.10/chronicle-bytes-2.20.10.jar:/root/.mvnrepository/net/openhft/chronicle-threads/2.17.25/chronicle-threads-2.17.25.jar:/root/.mvnrepository/org/jgrapht/jgrapht-core/1.0.1/jgrapht-core-1.0.1.jar:/root/.mvnrepository/org/apache/kafka/kafka-clients/2.6.0/kafka-clients-2.6.0.jar:/root/.mvnrepository/com/github/luben/zstd-jni/1.4.4-7/zstd-jni-1.4.4-7.jar:/root/.mvnrepository/org/lz4/lz4-java/1.7.1/lz4-java-1.7.1.jar:/root/.mvnrepository/org/xerial/snappy/snappy-java/1.1.7.3/snappy-java-1.1.7.3.jar:/root/.mvnrepository/commons-cli/commons-cli/1.4/commons-cli-1.4.jar:/root/.mvnrepository/net/jodah/failsafe/1.1.0/failsafe-1.1.0.jar:/root/.mvnrepository/io/confluent/kafka-avro-serializer/6.0.0/kafka-avro-serializer-6.0.0.jar:/root/.mvnrepository/io/confluent/kafka-schema-serializer/6.0.0/kafka-schema-serializer-6.0.0.jar:/root/.mvnrepository/io/confluent/common-utils/6.0.0/common-utils-6.0.0.jar:/root/.mvnrepository/io/confluent/kafka-schema-registry-client/6.0.0/kafka-schema-registry-client-6.0.0.jar:/root/.mvnrepository/io/swagger/swagger-annotations/1.6.2/swagger-annotations-1.6.2.jar:/root/.mvnrepository/org/nuxeo/runtime/nuxeo-runtime-stream/2021.21.5/nuxeo-runtime-stream-2021.21.5.jar:/root/.mvnrepository/io/opencensus/opencensus-api/0.27.1/opencensus-api-0.27.1.jar:/root/.mvnrepository/io/grpc/grpc-context/1.27.2/grpc-context-1.27.2.jar:/root/.mvnrepository/io/opencensus/opencensus-impl/0.27.1/opencensus-impl-0.27.1.jar:/root/.mvnrepository/io/opencensus/opencensus-impl-core/0.27.1/opencensus-impl-core-0.27.1.jar:/root/.mvnrepository/com/lmax/disruptor/3.4.2/disruptor-3.4.2.jar:/root/.mvnrepository/org/nuxeo/ecm/platform/nuxeo-platform-rendering/2021.21.5/nuxeo-platform-rendering-2021.21.5.jar:/root/.mvnrepository/org/wikimodel/wem/2.0.2/wem-2.0.2.jar:/root/.mvnrepository/net/java/dev/javacc/javacc/4.0/javacc-4.0.jar:/root/.mvnrepository/org/nuxeo/ecm/platform/nuxeo-platform-query-api/2021.21.5/nuxeo-platform-query-api-2021.21.5.jar:/root/.mvnrepository/org/nuxeo/ecm/platform/nuxeo-platform-search-api/2021.21.5/nuxeo-platform-search-api-2021.21.5.jar:/root/.mvnrepository/org/nuxeo/ecm/platform/nuxeo-platform-usermanager/2021.21.5/nuxeo-platform-usermanager-2021.21.5.jar:/root/.mvnrepository/org/nuxeo/ecm/core/nuxeo-core-cache/2021.21.5/nuxeo-core-cache-2021.21.5.jar:/root/.mvnrepository/org/nuxeo/ecm/platform/nuxeo-platform-directory-core/2021.21.5/nuxeo-platform-directory-core-2021.21.5.jar:/root/.mvnrepository/org/nuxeo/ecm/core/nuxeo-core-api/2021.21.5/nuxeo-core-api-2021.21.5.jar:/root/.mvnrepository/org/apache/commons/commons-text/1.9/commons-text-1.9.jar:/root/.mvnrepository/org/nuxeo/runtime/nuxeo-runtime-kv/2021.21.5/nuxeo-runtime-kv-2021.21.5.jar:/root/.mvnrepository/net/jodah/expiringmap/0.5.9/expiringmap-0.5.9.jar:/root/.mvnrepository/javax/validation/validation-api/1.0.0.GA/validation-api-1.0.0.GA.jar:/root/.mvnrepository/javax/transaction/javax.transaction-api/1.3/javax.transaction-api-1.3.jar:/root/.mvnrepository/org/nuxeo/ecm/core/nuxeo-core/2021.21.5/nuxeo-core-2021.21.5.jar:/root/.mvnrepository/org/nuxeo/ecm/core/nuxeo-core-el/2021.21.5/nuxeo-core-el-2021.21.5.jar:/root/.mvnrepository/org/apache/tomcat/tomcat-el-api/9.0.63/tomcat-el-api-9.0.63.jar:/root/.mvnrepository/org/nuxeo/ecm/core/nuxeo-core-bulk/2021.21.5/nuxeo-core-bulk-2021.21.5.jar:/root/.mvnrepository/com/google/code/externalsortinginjava/externalsortinginjava/0.6.0/externalsortinginjava-0.6.0.jar:/root/.mvnrepository/org/apache/commons/commons-collections4/4.4/commons-collections4-4.4.jar:/root/.mvnrepository/org/apache/commons/commons-pool2/2.9.0/commons-pool2-2.9.0.jar:/root/.mvnrepository/org/nuxeo/ecm/core/nuxeo-core-convert-api/2021.21.5/nuxeo-core-convert-api-2021.21.5.jar:/root/.mvnrepository/org/nuxeo/ecm/core/nuxeo-core-schema/2021.21.5/nuxeo-core-schema-2021.21.5.jar:/root/.mvnrepository/com/sun/xsom/xsom/20140925/xsom-20140925.jar:/root/.mvnrepository/relaxngDatatype/relaxngDatatype/20020414/relaxngDatatype-20020414.jar:/root/.mvnrepository/org/nuxeo/ecm/platform/nuxeo-mail/2021.21.5/nuxeo-mail-2021.21.5.jar:/root/.mvnrepository/org/apache/commons/commons-exec/1.3/commons-exec-1.3.jar:/root/.mvnrepository/javax/mail/mail/1.4.7/mail-1.4.7.jar:/root/.mvnrepository/org/freemarker/freemarker/2.3.30/freemarker-2.3.30.jar:/root/.mvnrepository/org/nuxeo/ecm/platform/nuxeo-platform-forms-layout-api/2021.21.5/nuxeo-platform-forms-layout-api-2021.21.5.jar:/root/.mvnrepository/org/nuxeo/ecm/platform/nuxeo-platform-forms-layout-core/2021.21.5/nuxeo-platform-forms-layout-core-2021.21.5.jar:/root/.mvnrepository/org/nuxeo/ecm/webengine/nuxeo-webengine-core/2021.21.5/nuxeo-webengine-core-2021.21.5.jar:/root/.mvnrepository/com/sun/jersey/jersey-server/1.19.4/jersey-server-1.19.4.jar:/root/.mvnrepository/com/sun/jersey/jersey-servlet/1.19.4/jersey-servlet-1.19.4.jar:/root/.mvnrepository/org/nuxeo/ecm/platform/nuxeo-platform-api/2021.21.5/nuxeo-platform-api-2021.21.5.jar:/root/.mvnrepository/org/nuxeo/build/nuxeo-apt-extensions/1.0/nuxeo-apt-extensions-1.0.jar:/root/.mvnrepository/org/nuxeo/build/nuxeo-webengine-apt/1.2/nuxeo-webengine-apt-1.2.jar:/root/.mvnrepository/org/nuxeo/ecm/platform/nuxeo-platform-actions-core/2021.21.5/nuxeo-platform-actions-core-2021.21.5.jar:/root/.mvnrepository/org/mvel/mvel2/2.4.10.Final/mvel2-2.4.10.Final.jar:/root/.mvnrepository/org/codehaus/groovy/groovy-all/2.4.12/groovy-all-2.4.12.jar:/root/.mvnrepository/com/google/guava/guava/30.0-jre/guava-30.0-jre.jar:/root/.mvnrepository/com/google/guava/failureaccess/1.0.1/failureaccess-1.0.1.jar:/root/.mvnrepository/com/google/guava/listenablefuture/9999.0-empty-to-avoid-conflict-with-guava/listenablefuture-9999.0-empty-to-avoid-conflict-with-guava.jar:/root/.mvnrepository/com/google/code/findbugs/jsr305/3.0.2/jsr305-3.0.2.jar:/root/.mvnrepository/org/checkerframework/checker-qual/3.5.0/checker-qual-3.5.0.jar:/root/.mvnrepository/com/google/errorprone/error_prone_annotations/2.3.4/error_prone_annotations-2.3.4.jar:/root/.mvnrepository/com/google/j2objc/j2objc-annotations/1.3/j2objc-annotations-1.3.jar:/root/.mvnrepository/com/fasterxml/jackson/core/jackson-core/2.11.3/jackson-core-2.11.3.jar:/root/.mvnrepository/org/apache/pdfbox/pdfbox/2.0.24/pdfbox-2.0.24.jar:/root/.mvnrepository/org/apache/pdfbox/fontbox/2.0.24/fontbox-2.0.24.jar:/root/.mvnrepository/com/sun/activation/javax.activation/1.2.0/javax.activation-1.2.0.jar:/root/.mvnrepository/org/nuxeo/ecm/platform/nuxeo-platform-notification/2021.21.5/nuxeo-platform-notification-2021.21.5.jar:/root/.mvnrepository/org/nuxeo/ecm/platform/nuxeo-platform-url/2021.21.5/nuxeo-platform-url-2021.21.5.jar:/root/.mvnrepository/org/nuxeo/ecm/platform/nuxeo-platform-dublincore/2021.21.5/nuxeo-platform-dublincore-2021.21.5.jar:/root/.mvnrepository/org/nuxeo/ecm/platform/nuxeo-platform-audit-core/2021.21.5/nuxeo-platform-audit-core-2021.21.5.jar:/root/.mvnrepository/org/nuxeo/ecm/core/nuxeo-core-persistence/2021.21.5/nuxeo-core-persistence-2021.21.5.jar:/root/.mvnrepository/org/hibernate/hibernate-entitymanager/3.4.0.GA/hibernate-entitymanager-3.4.0.GA.jar:/root/.mvnrepository/javax/transaction/jta/1.1/jta-1.1.jar:/root/.mvnrepository/org/javassist/javassist/3.27.0-GA/javassist-3.27.0-GA.jar:/root/.mvnrepository/org/nuxeo/ecm/platform/nuxeo-platform-audit-api/2021.21.5/nuxeo-platform-audit-api-2021.21.5.jar:/root/.mvnrepository/javax/persistence/persistence-api/1.0.2/persistence-api-1.0.2.jar:/root/.mvnrepository/org/jboss/el/jboss-el/1.0_02.CR6/jboss-el-1.0_02.CR6.jar:/root/.mvnrepository/org/hibernate/hibernate-annotations/3.4.0.GA/hibernate-annotations-3.4.0.GA.jar:/root/.mvnrepository/org/hibernate/hibernate-commons-annotations/3.1.0.GA/hibernate-commons-annotations-3.1.0.GA.jar:/root/.mvnrepository/org/apache/avro/avro/1.9.2/avro-1.9.2.jar:/root/.mvnrepository/org/apache/commons/commons-compress/1.21/commons-compress-1.21.jar:/root/.mvnrepository/org/nuxeo/ecm/platform/nuxeo-thumbnail/2021.21.5/nuxeo-thumbnail-2021.21.5.jar:/root/.mvnrepository/org/nuxeo/ecm/core/nuxeo-core-convert/2021.21.5/nuxeo-core-convert-2021.21.5.jar:/root/.mvnrepository/org/nuxeo/ecm/core/nuxeo-core-storage-sql/2021.21.5/nuxeo-core-storage-sql-2021.21.5.jar:/root/.mvnrepository/commons-beanutils/commons-beanutils/1.9.4/commons-beanutils-1.9.4.jar:/root/.mvnrepository/net/sf/ehcache/ehcache-core/2.6.11/ehcache-core-2.6.11.jar:/root/.mvnrepository/org/nuxeo/runtime/nuxeo-runtime-pubsub/2021.21.5/nuxeo-runtime-pubsub-2021.21.5.jar:/root/.mvnrepository/org/nuxeo/ecm/platform/nuxeo-platform-types/2021.21.5/nuxeo-platform-types-2021.21.5.jar:/root/.mvnrepository/org/nuxeo/ecm/platform/nuxeo-platform-commandline-executor/2021.21.5/nuxeo-platform-commandline-executor-2021.21.5.jar:/root/.mvnrepository/org/nuxeo/runtime/nuxeo-launcher-commons/2021.21.5/nuxeo-launcher-commons-2021.21.5.jar:/root/.mvnrepository/org/nuxeo/connect/nuxeo-connect-client/1.8.3/nuxeo-connect-client-1.8.3.jar:/root/.mvnrepository/org/eclipse/equinox/org.eclipse.equinox.p2.cudf/1.17-NX/org.eclipse.equinox.p2.cudf-1.17-NX.jar:/root/.mvnrepository/org/sat4j/org.sat4j.pb/2.3.1/org.sat4j.pb-2.3.1.jar:/root/.mvnrepository/org/sat4j/org.sat4j.core/2.3.1/org.sat4j.core-2.3.1.jar:/root/.mvnrepository/org/eclipse/core/org.eclipse.core.jobs/3.5.0.v20100515/org.eclipse.core.jobs-3.5.0.v20100515.jar:/root/.mvnrepository/org/eclipse/equinox/org.eclipse.equinox.common/3.6.0.v20100503/org.eclipse.equinox.common-3.6.0.v20100503.jar:/root/.mvnrepository/org/json/json/20200518/json-20200518.jar:/root/.mvnrepository/jakarta/xml/bind/jakarta.xml.bind-api/2.3.3/jakarta.xml.bind-api-2.3.3.jar:/root/.mvnrepository/com/sun/xml/bind/jaxb-impl/2.3.3/jaxb-impl-2.3.3.jar:/root/.mvnrepository/org/nuxeo/ecm/core/nuxeo-core-mimetype/2021.21.5/nuxeo-core-mimetype-2021.21.5.jar:/root/.mvnrepository/jmimemagic/jmimemagic/0.1.2/jmimemagic-0.1.2.jar:/root/.mvnrepository/oro/oro/2.0.8/oro-2.0.8.jar:/root/.mvnrepository/org/apache/poi/poi/4.1.2/poi-4.1.2.jar:/root/.mvnrepository/org/apache/commons/commons-math3/3.6.1/commons-math3-3.6.1.jar:/root/.mvnrepository/com/zaxxer/SparseBitSet/1.2/SparseBitSet-1.2.jar:/root/.mvnrepository/org/apache/poi/poi-scratchpad/4.1.2/poi-scratchpad-4.1.2.jar:/root/.mvnrepository/org/nuxeo/ecm/platform/nuxeo-platform-web-common/2021.21.5/nuxeo-platform-web-common-2021.21.5.jar:/root/.mvnrepository/javax/servlet/jsp/jsp-api/2.2/jsp-api-2.2.jar:/root/.mvnrepository/org/dom4j/dom4j/2.1.3/dom4j-2.1.3.jar:/root/.mvnrepository/com/thetransactioncompany/cors-filter/2.9/cors-filter-2.9.jar:/root/.mvnrepository/com/thetransactioncompany/java-property-utils/1.13/java-property-utils-1.13.jar:/root/.mvnrepository/io/opencensus/opencensus-contrib-http-servlet/0.27.1/opencensus-contrib-http-servlet-0.27.1.jar:/root/.mvnrepository/io/opencensus/opencensus-contrib-http-util/0.27.1/opencensus-contrib-http-util-0.27.1.jar:/root/.mvnrepository/javax/servlet/javax.servlet-api/4.0.1/javax.servlet-api-4.0.1.jar:/root/.mvnrepository/org/nuxeo/ecm/platform/nuxeo-platform-video/2021.21.5/nuxeo-platform-video-2021.21.5.jar:/root/.mvnrepository/org/nuxeo/ecm/platform/nuxeo-platform-imaging-core/2021.21.5/nuxeo-platform-imaging-core-2021.21.5.jar:/root/.mvnrepository/org/nuxeo/ecm/platform/nuxeo-preview-core/2021.21.5/nuxeo-preview-core-2021.21.5.jar:/root/.mvnrepository/org/nuxeo/ecm/platform/nuxeo-platform-htmlsanitizer/2021.21.5/nuxeo-platform-htmlsanitizer-2021.21.5.jar:/root/.mvnrepository/com/googlecode/owasp-java-html-sanitizer/owasp-java-html-sanitizer/20211018.2.NX1/owasp-java-html-sanitizer-20211018.2.NX1.jar:/root/.mvnrepository/org/w3c/css/sac/1.3/sac-1.3.jar:/root/.mvnrepository/org/restlet/jse/org.restlet/2.4.2/org.restlet-2.4.2.jar:/root/.mvnrepository/org/nuxeo/ecm/core/nuxeo-core-binarymanager-s3/2021.21.5/nuxeo-core-binarymanager-s3-2021.21.5.jar:/root/.mvnrepository/org/nuxeo/runtime/nuxeo-runtime-aws/2021.21.5/nuxeo-runtime-aws-2021.21.5.jar:/root/.mvnrepository/org/nuxeo/ecm/core/nuxeo-core-io/2021.21.5/nuxeo-core-io-2021.21.5.jar:/root/.mvnrepository/jaxen/jaxen/1.2.0/jaxen-1.2.0.jar:/root/.mvnrepository/com/sun/jersey/jersey-client/1.19.4/jersey-client-1.19.4.jar:/root/.mvnrepository/org/nuxeo/ecm/core/nuxeo-core-storage/2021.21.5/nuxeo-core-storage-2021.21.5.jar:/root/.mvnrepository/net/htmlparser/jericho/jericho-html/3.4/jericho-html-3.4.jar:/root/.mvnrepository/org/nuxeo/ecm/automation/nuxeo-automation-server/2021.21.5/nuxeo-automation-server-2021.21.5.jar:/root/.mvnrepository/org/nuxeo/ecm/webengine/nuxeo-webengine-base/2021.21.5/nuxeo-webengine-base-2021.21.5.jar:/root/.mvnrepository/org/nuxeo/ecm/platform/nuxeo-platform-comment-api/2021.21.5/nuxeo-platform-comment-api-2021.21.5.jar:/root/.mvnrepository/com/amazonaws/aws-java-sdk-core/1.11.885/aws-java-sdk-core-1.11.885.jar:/root/.mvnrepository/software/amazon/ion/ion-java/1.0.2/ion-java-1.0.2.jar:/root/.mvnrepository/com/fasterxml/jackson/dataformat/jackson-dataformat-cbor/2.13.0/jackson-dataformat-cbor-2.13.0.jar:/root/.mvnrepository/joda-time/joda-time/2.10.6/joda-time-2.10.6.jar:/root/.mvnrepository/com/amazonaws/aws-java-sdk-s3/1.11.885/aws-java-sdk-s3-1.11.885.jar:/root/.mvnrepository/com/amazonaws/aws-java-sdk-kms/1.11.885/aws-java-sdk-kms-1.11.885.jar:/root/.mvnrepository/com/amazonaws/jmespath-java/1.11.885/jmespath-java-1.11.885.jar:/root/.mvnrepository/com/amazonaws/aws-java-sdk-cloudfront/1.11.885/aws-java-sdk-cloudfront-1.11.885.jar:/root/.mvnrepository/com/amazonaws/aws-java-sdk-sts/1.11.885/aws-java-sdk-sts-1.11.885.jar:/root/.mvnrepository/org/nuxeo/ecm/core/nuxeo-core-binarymanager-common/2021.21.5/nuxeo-core-binarymanager-common-2021.21.5.jar:/root/.mvnrepository/org/nuxeo/ecm/core/nuxeo-core-management/2021.21.5/nuxeo-core-management-2021.21.5.jar:/root/.mvnrepository/org/nuxeo/runtime/nuxeo-runtime-management/2021.21.5/nuxeo-runtime-management-2021.21.5.jar:/root/.mvnrepository/org/javasimon/javasimon-core/2.5.0/javasimon-core-2.5.0.jar:/root/.mvnrepository/org/javasimon/javasimon-jmx/2.5.0/javasimon-jmx-2.5.0.jar:/root/.mvnrepository/org/javasimon/javasimon-jdbc3/2.5.0/javasimon-jdbc3-2.5.0.jar:/root/.mvnrepository/com/thoughtworks/xstream/xstream/1.4.18/xstream-1.4.18.jar:/root/.mvnrepository/io/github/x-stream/mxparser/1.2.2/mxparser-1.2.2.jar:/root/.mvnrepository/org/nuxeo/ecm/platform/nuxeo-platform-rendition-api/2021.21.5/nuxeo-platform-rendition-api-2021.21.5.jar:/root/.mvnrepository/org/nuxeo/ecm/automation/nuxeo-automation-test/2021.21.5/nuxeo-automation-test-2021.21.5.jar:/root/.mvnrepository/org/nuxeo/ecm/automation/nuxeo-automation-io/2021.21.5/nuxeo-automation-io-2021.21.5.jar:/root/.mvnrepository/org/yaml/snakeyaml/1.27/snakeyaml-1.27.jar:/root/.mvnrepository/org/nuxeo/ecm/platform/nuxeo-platform-forms-layout-export/2021.21.5/nuxeo-platform-forms-layout-export-2021.21.5.jar:/root/.mvnrepository/org/nuxeo/ecm/platform/nuxeo-invite/2021.21.5/nuxeo-invite-2021.21.5.jar:/root/.mvnrepository/org/nuxeo/ecm/automation/nuxeo-automation-scripting/2021.21.5/nuxeo-automation-scripting-2021.21.5.jar:/root/.mvnrepository/com/sun/jersey/jersey-core/1.19.4/jersey-core-1.19.4.jar:/root/.mvnrepository/javax/ws/rs/jsr311-api/1.1.1/jsr311-api-1.1.1.jar:/root/.mvnrepository/org/nuxeo/ecm/webengine/nuxeo-webengine-jaxrs/2021.21.5/nuxeo-webengine-jaxrs-2021.21.5.jar:/root/.mvnrepository/org/nuxeo/ecm/core/nuxeo-core-test/2021.21.5/nuxeo-core-test-2021.21.5.jar:/root/.mvnrepository/org/nuxeo/runtime/nuxeo-runtime-mongodb/2021.21.5/nuxeo-runtime-mongodb-2021.21.5.jar:/root/.mvnrepository/org/nuxeo/runtime/nuxeo-runtime-cluster/2021.21.5/nuxeo-runtime-cluster-2021.21.5-tests.jar:/root/.mvnrepository/org/nuxeo/runtime/nuxeo-runtime-stream/2021.21.5/nuxeo-runtime-stream-2021.21.5-tests.jar:/root/.mvnrepository/org/nuxeo/ecm/core/nuxeo-core-io/2021.21.5/nuxeo-core-io-2021.21.5-tests.jar:/root/.mvnrepository/org/nuxeo/ecm/core/nuxeo-core-bulk/2021.21.5/nuxeo-core-bulk-2021.21.5-tests.jar:/root/.mvnrepository/org/nuxeo/ecm/core/nuxeo-core-event/2021.21.5/nuxeo-core-event-2021.21.5-tests.jar:/root/.mvnrepository/org/nuxeo/ecm/core/nuxeo-core-storage-sql-test/2021.21.5/nuxeo-core-storage-sql-test-2021.21.5.jar:/root/.mvnrepository/org/nuxeo/lib/core/nuxeo-core-storage-sql-extensions/2021.21.5/nuxeo-core-storage-sql-extensions-2021.21.5.jar:/root/.mvnrepository/com/h2database/h2/1.4.200/h2-1.4.200.jar:/root/.mvnrepository/org/apache/lucene/lucene-core/8.6.2/lucene-core-8.6.2.jar:/root/.mvnrepository/org/apache/lucene/lucene-queryparser/8.6.2/lucene-queryparser-8.6.2.jar:/root/.mvnrepository/org/apache/lucene/lucene-queries/8.6.2/lucene-queries-8.6.2.jar:/root/.mvnrepository/org/apache/lucene/lucene-sandbox/8.6.2/lucene-sandbox-8.6.2.jar:/root/.mvnrepository/org/apache/lucene/lucene-analyzers-common/8.6.2/lucene-analyzers-common-8.6.2.jar:/root/.mvnrepository/org/postgresql/postgresql/42.3.3/postgresql-42.3.3.jar:/root/.mvnrepository/mysql/mysql-connector-java/8.0.22/mysql-connector-java-8.0.22.jar:/root/.mvnrepository/com/google/protobuf/protobuf-java/3.11.4/protobuf-java-3.11.4.jar:/root/.mvnrepository/org/mariadb/jdbc/mariadb-java-client/2.2.4/mariadb-java-client-2.2.4.jar:/root/.mvnrepository/com/microsoft/sqlserver/mssql-jdbc/7.0.0.jre8/mssql-jdbc-7.0.0.jre8.jar:/root/.mvnrepository/org/nuxeo/ecm/core/nuxeo-core-storage-dbs/2021.21.5/nuxeo-core-storage-dbs-2021.21.5-tests.jar:/root/.mvnrepository/org/nuxeo/ecm/core/nuxeo-core-storage-mem/2021.21.5/nuxeo-core-storage-mem-2021.21.5.jar:/root/.mvnrepository/org/nuxeo/ecm/core/nuxeo-core-storage-dbs/2021.21.5/nuxeo-core-storage-dbs-2021.21.5.jar:/root/.mvnrepository/org/nuxeo/ecm/core/nuxeo-core-storage-mongodb/2021.21.5/nuxeo-core-storage-mongodb-2021.21.5.jar:/root/.mvnrepository/com/github/kirviq/dumbster/1.7.1/dumbster-1.7.1.jar:/root/.mvnrepository/org/nuxeo/ecm/platform/nuxeo-features-test/2021.21.5/nuxeo-features-test-2021.21.5.jar:/root/.mvnrepository/com/sun/jersey/contribs/jersey-apache-client4/1.19.4/jersey-apache-client4-1.19.4.jar:/root/.mvnrepository/org/nuxeo/ecm/webengine/nuxeo-webengine-ui/2021.21.5/nuxeo-webengine-ui-2021.21.5.jar:/root/.mvnrepository/net/sf/json-lib/json-lib/2.4/json-lib-2.4-jdk15.jar:/root/.mvnrepository/net/sf/ezmorph/ezmorph/1.0.4/ezmorph-1.0.4.jar:/root/.mvnrepository/org/nuxeo/ecm/core/nuxeo-core-management-jtajca/2021.21.5/nuxeo-core-management-jtajca-2021.21.5.jar:/root/.mvnrepository/org/apache/tomcat/tomcat-dbcp/9.0.63/tomcat-dbcp-9.0.63.jar:/root/.mvnrepository/com/datadoghq/dd-trace-api/0.93.0/dd-trace-api-0.93.0.jar:/root/.mvnrepository/javax/annotation/jsr250-api/1.0/jsr250-api-1.0.jar:/root/.mvnrepository/org/nuxeo/ecm/automation/nuxeo-automation-core/2021.21.5/nuxeo-automation-core-2021.21.5-tests.jar:/root/.mvnrepository/org/apache/httpcomponents/httpcore/4.4.13/httpcore-4.4.13.jar:/root/.mvnrepository/org/apache/httpcomponents/httpclient/4.5.13/httpclient-4.5.13.jar:/root/.mvnrepository/org/nuxeo/ecm/automation/nuxeo-automation-features/2021.21.5/nuxeo-automation-features-2021.21.5.jar:/root/.mvnrepository/org/nuxeo/ecm/platform/nuxeo-platform-uidgen-core/2021.21.5/nuxeo-platform-uidgen-core-2021.21.5.jar:/root/.mvnrepository/org/nuxeo/ecm/platform/nuxeo-platform-relations-api/2021.21.5/nuxeo-platform-relations-api-2021.21.5.jar:/root/.mvnrepository/org/nuxeo/ecm/platform/nuxeo-platform-userworkspace/2021.21.5/nuxeo-platform-userworkspace-2021.21.5.jar:/root/.mvnrepository/org/nuxeo/ecm/platform/nuxeo-platform-collections-core/2021.21.5/nuxeo-platform-collections-core-2021.21.5-tests.jar:/root/.mvnrepository/com/sun/jersey/contribs/jersey-multipart/1.19.4/jersey-multipart-1.19.4.jar:/root/.mvnrepository/org/jvnet/mimepull/mimepull/1.9.3/mimepull-1.9.3.jar:/root/.mvnrepository/org/nuxeo/runtime/nuxeo-runtime-jtajca/2021.21.5/nuxeo-runtime-jtajca-2021.21.5.jar:/root/.mvnrepository/org/apache/geronimo/components/geronimo-transaction/3.1.4-NX1/geronimo-transaction-3.1.4-NX1.jar:/root/.mvnrepository/org/apache/xbean/xbean-naming/4.18/xbean-naming-4.18.jar:/root/.mvnrepository/org/osgi/org.osgi.compendium/4.2.0/org.osgi.compendium-4.2.0.jar:/root/.mvnrepository/org/nuxeo/runtime/nuxeo-runtime-test/2021.21.5/nuxeo-runtime-test-2021.21.5.jar:/root/.mvnrepository/javax/inject/javax.inject/1/javax.inject-1.jar:/root/.mvnrepository/com/google/inject/guice/3.0/guice-3.0.jar:/root/.mvnrepository/aopalliance/aopalliance/1.0/aopalliance-1.0.jar:/root/.mvnrepository/io/github/classgraph/classgraph/4.8.90/classgraph-4.8.90.jar:/root/.mvnrepository/org/nuxeo/runtime/nuxeo-runtime-osgi/2021.21.5/nuxeo-runtime-osgi-2021.21.5.jar:/root/.mvnrepository/com/tngtech/jgiven/jgiven-core/0.18.2/jgiven-core-0.18.2.jar:/root/.mvnrepository/com/google/code/gson/gson/2.8.6/gson-2.8.6.jar:/root/.mvnrepository/com/thoughtworks/paranamer/paranamer/2.8/paranamer-2.8.jar:/root/.mvnrepository/net/bytebuddy/byte-buddy/1.9.2/byte-buddy-1.9.2.jar:/root/.mvnrepository/org/fusesource/jansi/jansi/1.18/jansi-1.18.jar:/root/.mvnrepository/com/tngtech/jgiven/jgiven-junit/0.18.2/jgiven-junit-0.18.2.jar:/root/.mvnrepository/com/tngtech/jgiven/jgiven-html5-report/0.18.2/jgiven-html5-report-0.18.2.jar:/root/.mvnrepository/com/tngtech/jgiven/jgiven-html-app/0.18.2/jgiven-html-app-0.18.2.jar:/root/.mvnrepository/com/tngtech/java/junit-dataprovider/1.13.1/junit-dataprovider-1.13.1.jar:/root/.mvnrepository/org/jmock/jmock/2.12.0/jmock-2.12.0.jar:/root/.mvnrepository/org/jmock/jmock-testjar/2.12.0/jmock-testjar-2.12.0.jar:/root/.mvnrepository/com/google/code/findbugs/annotations/3.0.1/annotations-3.0.1.jar:/root/.mvnrepository/net/jcip/jcip-annotations/1.0/jcip-annotations-1.0.jar:/root/.mvnrepository/org/hamcrest/hamcrest/2.1/hamcrest-2.1.jar:/root/.mvnrepository/org/hamcrest/hamcrest-library/1.3/hamcrest-library-1.3.jar:/root/.mvnrepository/org/apache-extras/beanshell/bsh/2.0b6/bsh-2.0b6.jar:/root/.mvnrepository/org/jmock/jmock-junit4/2.12.0/jmock-junit4-2.12.0.jar:/root/.mvnrepository/org/jmock/jmock-legacy/2.12.0/jmock-legacy-2.12.0.jar:/root/.mvnrepository/org/jmock/jmock-imposters/2.12.0/jmock-imposters-2.12.0.jar:/root/.mvnrepository/org/assertj/assertj-core/3.17.2/assertj-core-3.17.2.jar:/root/.mvnrepository/org/mockito/mockito-core/1.9.5/mockito-core-1.9.5.jar:/root/.mvnrepository/org/objenesis/objenesis/1.0/objenesis-1.0.jar:/root/.mvnrepository/commons-collections/commons-collections/3.2.2/commons-collections-3.2.2.jar:/root/.mvnrepository/org/nuxeo/runtime/nuxeo-runtime-server/2021.21.5/nuxeo-runtime-server-2021.21.5.jar:/root/.mvnrepository/org/nuxeo/runtime/nuxeo-runtime-deploy/2021.21.5/nuxeo-runtime-deploy-2021.21.5.jar:/root/.mvnrepository/org/apache/tomcat/tomcat-catalina/9.0.63/tomcat-catalina-9.0.63.jar:/root/.mvnrepository/org/apache/tomcat/tomcat-jsp-api/9.0.63/tomcat-jsp-api-9.0.63.jar:/root/.mvnrepository/org/apache/tomcat/tomcat-juli/9.0.63/tomcat-juli-9.0.63.jar:/root/.mvnrepository/org/apache/tomcat/tomcat-api/9.0.63/tomcat-api-9.0.63.jar:/root/.mvnrepository/org/apache/tomcat/tomcat-jni/9.0.63/tomcat-jni-9.0.63.jar:/root/.mvnrepository/org/apache/tomcat/tomcat-util-scan/9.0.63/tomcat-util-scan-9.0.63.jar:/root/.mvnrepository/org/apache/tomcat/tomcat-jaspic-api/9.0.63/tomcat-jaspic-api-9.0.63.jar:/root/.mvnrepository/org/apache/tomcat/tomcat-coyote/9.0.63/tomcat-coyote-9.0.63.jar:/root/.mvnrepository/org/apache/tomcat/tomcat-util/9.0.63/tomcat-util-9.0.63.jar:/root/.mvnrepository/org/apache/tomcat/tomcat-jasper/9.0.63/tomcat-jasper-9.0.63.jar:/root/.mvnrepository/org/eclipse/jdt/ecj/3.26.0/ecj-3.26.0.jar:/root/.mvnrepository/org/apache/tomcat/tomcat-jasper-el/9.0.63/tomcat-jasper-el-9.0.63.jar:/root/.mvnrepository/org/hamcrest/hamcrest-core/1.3/hamcrest-core-1.3.jar:/root/.mvnrepository/org/seleniumhq/selenium/selenium-api/2.53.0/selenium-api-2.53.0.jar:/root/.mvnrepository/org/seleniumhq/selenium/selenium-support/2.53.0/selenium-support-2.53.0.jar:/root/.mvnrepository/org/seleniumhq/selenium/selenium-remote-driver/2.53.0/selenium-remote-driver-2.53.0.jar:/root/.mvnrepository/cglib/cglib-nodep/3.3.0/cglib-nodep-3.3.0.jar:/root/.mvnrepository/org/seleniumhq/selenium/selenium-firefox-driver/2.53.0/selenium-firefox-driver-2.53.0.jar:/root/.mvnrepository/org/seleniumhq/selenium/selenium-ie-driver/2.53.0/selenium-ie-driver-2.53.0.jar:/root/.mvnrepository/net/java/dev/jna/jna/4.5.2/jna-4.5.2.jar:/root/.mvnrepository/net/java/dev/jna/jna-platform/4.5.2/jna-platform-4.5.2.jar:/root/.mvnrepository/org/seleniumhq/selenium/selenium-chrome-driver/2.53.0/selenium-chrome-driver-2.53.0.jar:/root/.mvnrepository/org/seleniumhq/selenium/htmlunit-driver/2.20/htmlunit-driver-2.20.jar:/root/.mvnrepository/net/sourceforge/htmlunit/htmlunit/2.20/htmlunit-2.20.jar:/root/.mvnrepository/xalan/xalan/2.7.2/xalan-2.7.2.jar:/root/.mvnrepository/xalan/serializer/2.7.2/serializer-2.7.2.jar:/root/.mvnrepository/org/apache/httpcomponents/httpmime/4.5.13/httpmime-4.5.13.jar:/root/.mvnrepository/net/sourceforge/htmlunit/htmlunit-core-js/2.17/htmlunit-core-js-2.17.jar:/root/.mvnrepository/net/sourceforge/nekohtml/nekohtml/1.9.22/nekohtml-1.9.22.jar:/root/.mvnrepository/net/sourceforge/cssparser/cssparser/0.9.18/cssparser-0.9.18.jar:/root/.mvnrepository/org/eclipse/jetty/websocket/websocket-client/9.2.15.v20160210/websocket-client-9.2.15.v20160210.jar:/root/.mvnrepository/org/eclipse/jetty/jetty-util/9.2.15.v20160210/jetty-util-9.2.15.v20160210.jar:/root/.mvnrepository/org/eclipse/jetty/jetty-io/9.2.15.v20160210/jetty-io-9.2.15.v20160210.jar:/root/.mvnrepository/org/eclipse/jetty/websocket/websocket-common/9.2.15.v20160210/websocket-common-9.2.15.v20160210.jar:/root/.mvnrepository/org/eclipse/jetty/websocket/websocket-api/9.2.15.v20160210/websocket-api-9.2.15.v20160210.jar:/root/.mvnrepository/org/concordion/concordion/1.3.0/concordion-1.3.0.jar:/root/.mvnrepository/ognl/ognl/2.7.2/ognl-2.7.2.jar:/root/.mvnrepository/org/ow2/asm/asm/7.3.1/asm-7.3.1.jar:/root/.mvnrepository/concurrent/concurrent/1.3.4/concurrent-1.3.4.jar:/root/.mvnrepository/org/nuxeo/ecm/platform/nuxeo-platform-test/2021.21.5/nuxeo-platform-test-2021.21.5.jar:/root/.mvnrepository/org/nuxeo/ecm/core/nuxeo-core-api/2021.21.5/nuxeo-core-api-2021.21.5-tests.jar:/root/.mvnrepository/org/nuxeo/lib/runtime/nuxeo-runtime-launcher/2021.21.5/nuxeo-runtime-launcher-2021.21.5.jar:/root/.mvnrepository/org/nuxeo/ecm/platform/nuxeo-platform-directory-api/2021.21.5/nuxeo-platform-directory-api-2021.21.5.jar:/root/.mvnrepository/org/nuxeo/ecm/platform/nuxeo-platform-directory-sql/2021.21.5/nuxeo-platform-directory-sql-2021.21.5.jar:/root/.mvnrepository/org/nuxeo/ecm/platform/nuxeo-platform-directory-sql/2021.21.5/nuxeo-platform-directory-sql-2021.21.5-tests.jar:/root/.mvnrepository/org/nuxeo/ecm/platform/nuxeo-platform-directory-mongodb/2021.21.5/nuxeo-platform-directory-mongodb-2021.21.5.jar:/root/.mvnrepository/org/mongodb/mongodb-driver-sync/4.1.1/mongodb-driver-sync-4.1.1.jar:/root/.mvnrepository/org/mongodb/bson/4.1.1/bson-4.1.1.jar:/root/.mvnrepository/org/mongodb/mongodb-driver-core/4.1.1/mongodb-driver-core-4.1.1.jar:/root/.mvnrepository/org/nuxeo/ecm/platform/nuxeo-platform-directory-multi/2021.21.5/nuxeo-platform-directory-multi-2021.21.5.jar:/root/.mvnrepository/org/nuxeo/ecm/platform/nuxeo-platform-directory-test/2021.21.5/nuxeo-platform-directory-test-2021.21.5.jar:/root/.mvnrepository/org/nuxeo/ecm/platform/nuxeo-platform-directory-test/2021.21.5/nuxeo-platform-directory-test-2021.21.5-tests.jar:/root/.mvnrepository/org/nuxeo/ecm/core/nuxeo-core-test/2021.21.5/nuxeo-core-test-2021.21.5-tests.jar:/root/.mvnrepository/org/nuxeo/ecm/platform/nuxeo-mail/2021.21.5/nuxeo-mail-2021.21.5-tests.jar:/root/.mvnrepository/org/nuxeo/ecm/platform/nuxeo-platform-login/2021.21.5/nuxeo-platform-login-2021.21.5-tests.jar:/root/.mvnrepository/org/nuxeo/ecm/platform/nuxeo-platform-directory-types-contrib/2021.21.5/nuxeo-platform-directory-types-contrib-2021.21.5.jar:/root/.mvnrepository/org/nuxeo/ecm/platform/nuxeo-platform-content-template-manager/2021.21.5/nuxeo-platform-content-template-manager-2021.21.5.jar:/root/.mvnrepository/org/nuxeo/ecm/platform/nuxeo-platform-directory-ldap/2021.21.5/nuxeo-platform-directory-ldap-2021.21.5.jar:/root/.mvnrepository/org/apache/directory/server/apacheds-core/1.5.1/apacheds-core-1.5.1.jar:/root/.mvnrepository/org/apache/directory/server/apacheds-schema-bootstrap/1.5.1/apacheds-schema-bootstrap-1.5.1.jar:/root/.mvnrepository/jdbm/jdbm/1.0/jdbm-1.0.jar:/root/.mvnrepository/org/apache/directory/server/apacheds-schema-registries/1.5.1/apacheds-schema-registries-1.5.1.jar:/root/.mvnrepository/org/apache/directory/server/apacheds-core-shared/1.5.1/apacheds-core-shared-1.5.1.jar:/root/.mvnrepository/org/apache/directory/server/apacheds-utils/1.5.1/apacheds-utils-1.5.1.jar:/root/.mvnrepository/org/apache/directory/server/apacheds-jdbm-store/1.5.1/apacheds-jdbm-store-1.5.1.jar:/root/.mvnrepository/org/apache/directory/server/apacheds-constants/1.5.1/apacheds-constants-1.5.1.jar:/root/.mvnrepository/org/apache/directory/server/apacheds-btree-base/1.5.1/apacheds-btree-base-1.5.1.jar:/root/.mvnrepository/org/apache/directory/server/apacheds-bootstrap-extract/1.5.1/apacheds-bootstrap-extract-1.5.1.jar:/root/.mvnrepository/org/apache/directory/server/apacheds-kerberos-shared/1.5.1/apacheds-kerberos-shared-1.5.1.jar:/root/.mvnrepository/org/apache/mina/mina-core/1.1.2/mina-core-1.1.2.jar:/root/.mvnrepository/org/apache/directory/server/apacheds-protocol-shared/1.5.1/apacheds-protocol-shared-1.5.1.jar:/root/.mvnrepository/org/apache/directory/shared/shared-ldap/0.9.7/shared-ldap-0.9.7.jar:/root/.mvnrepository/commons-lang/commons-lang/2.6/commons-lang-2.6.jar:/root/.mvnrepository/org/apache/directory/shared/shared-asn1/0.9.7/shared-asn1-0.9.7.jar:/root/.mvnrepository/org/apache/directory/shared/shared-ldap-constants/0.9.7/shared-ldap-constants-0.9.7.jar:/root/.mvnrepository/org/nuxeo/ecm/platform/nuxeo-platform-login/2021.21.5/nuxeo-platform-login-2021.21.5.jar:/root/.mvnrepository/org/apache/commons/commons-csv/1.8/commons-csv-1.8.jar:/root/.mvnrepository/org/hibernate/hibernate-core/3.3.2.GA/hibernate-core-3.3.2.GA.jar:/root/.mvnrepository/antlr/antlr/2.7.7/antlr-2.7.7.jar:/root/.mvnrepository/org/nuxeo/ecm/platform/nuxeo-platform-rendition-core/2021.21.5/nuxeo-platform-rendition-core-2021.21.5.jar:/root/.mvnrepository/org/nuxeo/ecm/platform/nuxeo-platform-collections-core/2021.21.5/nuxeo-platform-collections-core-2021.21.5.jar:/root/.mvnrepository/org/nuxeo/ecm/platform/nuxeo-platform-filemanager/2021.21.5/nuxeo-platform-filemanager-2021.21.5.jar:/root/.mvnrepository/org/nuxeo/ecm/core/nuxeo-core-query/2021.21.5/nuxeo-core-query-2021.21.5.jar:/root/.mvnrepository/cup/java-cup/0.11a/java-cup-0.11a.jar:/root/.mvnrepository/org/nuxeo/ecm/platform/nuxeo-platform-versioning-api/2021.21.5/nuxeo-platform-versioning-api-2021.21.5.jar:/root/.mvnrepository/com/ibm/icu/icu4j/67.1/icu4j-67.1.jar:/root/.mvnrepository/org/nuxeo/ecm/platform/nuxeo-platform-tag/2021.21.5/nuxeo-platform-tag-2021.21.5.jar:/root/.mvnrepository/org/nuxeo/runtime/nuxeo-runtime-migration/2021.21.5/nuxeo-runtime-migration-2021.21.5.jar:/root/.mvnrepository/org/nuxeo/ecm/platform/nuxeo-platform-convert/2021.21.5/nuxeo-platform-convert-2021.21.5.jar:/root/.mvnrepository/commons-fileupload/commons-fileupload/1.4/commons-fileupload-1.4.jar:/root/.mvnrepository/org/nuxeo/ecm/core/nuxeo-core-convert-plugins/2021.21.5/nuxeo-core-convert-plugins-2021.21.5.jar:/root/.mvnrepository/org/apache/poi/poi-ooxml/4.1.2/poi-ooxml-4.1.2.jar:/root/.mvnrepository/org/apache/poi/poi-ooxml-schemas/4.1.2/poi-ooxml-schemas-4.1.2.jar:/root/.mvnrepository/com/github/virtuald/curvesapi/1.06/curvesapi-1.06.jar:/root/.mvnrepository/org/apache/xmlbeans/xmlbeans/3.1.0/xmlbeans-3.1.0.jar:/root/.mvnrepository/com/cforcoding/jmd/jmd/0.8.1-tomasol-3e60e36137/jmd-0.8.1-tomasol-3e60e36137.jar:/root/.mvnrepository/xpp3/xpp3/1.1.4c/xpp3-1.1.4c-clean.jar:/root/.mvnrepository/org/nuxeo/ecm/core/nuxeo-core-binarymanager-s3/2021.21.5/nuxeo-core-binarymanager-s3-2021.21.5-tests.jar:/root/.mvnrepository/commons-logging/commons-logging/1.2/commons-logging-1.2.jar:/root/.mvnrepository/org/apache/logging/log4j/log4j-api/2.17.1/log4j-api-2.17.1.jar:/root/.mvnrepository/org/apache/logging/log4j/log4j-core/2.17.1/log4j-core-2.17.1.jar:/root/.mvnrepository/org/apache/logging/log4j/log4j-jcl/2.17.1/log4j-jcl-2.17.1.jar:/root/.mvnrepository/org/apache/logging/log4j/log4j-slf4j-impl/2.17.1/log4j-slf4j-impl-2.17.1.jar:/root/.mvnrepository/org/slf4j/slf4j-api/1.7.30/slf4j-api-1.7.30.jar:/root/.mvnrepository/junit/junit/4.13.1/junit-4.13.1.jar:/root/.mvnrepository/org/apache/logging/log4j/log4j-1.2-api/2.17.1/log4j-1.2-api-2.17.1.jar:"/>
    <property name="sun.cpu.endian" value="little"/>
    <property name="user.home" value="/root"/>
    <property name="user.language" value="en"/>
    <property name="java.specification.vendor" value="Oracle Corporation"/>
    <property name="java.version.date" value="2022-10-18"/>
    <property name="nuxeo.test.vcs.port" value=""/>
    <property name="java.home" value="/usr/lib/jvm/zulu11-ca"/>
    <property name="file.separator" value="/"/>
    <property name="basedir" value="/home/jenkins/workspace/orage_nuxeo-coldstorage_lts-2021/nuxeo-coldstorage"/>
    <property name="java.vm.compressedOopsMode" value="32-bit"/>
    <property name="line.separator" value="&#10;"/>
    <property name="java.specification.name" value="Java Platform API Specification"/>
    <property name="java.vm.specification.vendor" value="Oracle Corporation"/>
    <property name="jdk.vendor.version" value="Zulu11.60+19-CA"/>
    <property name="java.awt.graphicsenv" value="sun.awt.X11GraphicsEnvironment"/>
    <property name="nuxeo.test.core" value="mongodb"/>
    <property name="nuxeo.test.vcs.url" value=""/>
    <property name="surefire.real.class.path" value="/home/jenkins/workspace/orage_nuxeo-coldstorage_lts-2021/nuxeo-coldstorage/target-mongodb/surefire/surefirebooter15818144647193142849.jar"/>
    <property name="sun.management.compiler" value="HotSpot 64-Bit Tiered Compilers"/>
    <property name="nuxeo.test.s3storage.provider.test.bucket_prefix" value=""/>
    <property name="java.runtime.version" value="11.0.17+8-LTS"/>
    <property name="user.name" value="root"/>
    <property name="nuxeo.test.s3storage.bucket" value="nuxeo-platform-coldstorage"/>
    <property name="path.separator" value=":"/>
    <property name="nuxeo.test.s3storage.policy.bucket" value=""/>
    <property name="os.version" value="5.4.202+"/>
    <property name="nuxeo.test.s3storage.bucket_prefix" value="utests-lts-2021-1-mongodb/"/>
    <property name="java.runtime.name" value="OpenJDK Runtime Environment"/>
    <property name="file.encoding" value="UTF-8"/>
    <property name="nuxeo.test.vcs.database" value=""/>
    <property name="sun.zip.disableMemoryMapping" value="true"/>
    <property name="custom.environment" value="mongodb"/>
    <property name="java.vm.name" value="OpenJDK 64-Bit Server VM"/>
    <property name="java.vendor.version" value="Zulu11.60+19-CA"/>
    <property name="nuxeo.test.vcs.user" value=""/>
    <property name="localRepository" value="/root/.mvnrepository"/>
    <property name="java.vendor.url.bug" value="http://www.azul.com/support/"/>
    <property name="java.io.tmpdir" value="/tmp"/>
    <property name="java.version" value="11.0.17"/>
    <property name="user.dir" value="/home/jenkins/workspace/orage_nuxeo-coldstorage_lts-2021/nuxeo-coldstorage"/>
    <property name="nuxeo.test.s3storage.provider.other.bucket_prefix" value=""/>
    <property name="os.arch" value="amd64"/>
    <property name="custom.environment.log.dir" value="target-mongodb"/>
    <property name="java.vm.specification.name" value="Java Virtual Machine Specification"/>
    <property name="java.awt.printerjob" value="sun.print.PSPrinterJob"/>
    <property name="sun.os.patch.level" value="unknown"/>
    <property name="nuxeo.test.vcs.db" value=""/>
    <property name="java.library.path" value="/usr/java/packages/lib:/usr/lib64:/lib64:/lib:/usr/lib"/>
    <property name="java.vm.info" value="mixed mode"/>
    <property name="java.vendor" value="Azul Systems, Inc."/>
    <property name="java.vm.version" value="11.0.17+8-LTS"/>
    <property name="sun.io.unicode.encoding" value="UnicodeLittle"/>
    <property name="java.class.version" value="55.0"/>
  </properties>
  <testcase name="shouldFailMoveAlreadyInColdStorage" classname="org.nuxeo.coldstorage.service.TestS3ColdStorageService" time="2.099"/>
  <testcase name="shouldFailMoveToColdStorageNoContent" classname="org.nuxeo.coldstorage.service.TestS3ColdStorageService" time="0.574"/>
  <testcase name="shouldFailMoveToColdStorageUnderLegalHold" classname="org.nuxeo.coldstorage.service.TestS3ColdStorageService" time="0.856"/>
  <testcase name="shouldFailMoveToColdStorageUnderRetention" classname="org.nuxeo.coldstorage.service.TestS3ColdStorageService" time="0.879"/>
  <testcase name="shouldFailRemoveColdStorageFacet" classname="org.nuxeo.coldstorage.service.TestS3ColdStorageService" time="1.729"/>
  <testcase name="shouldFailRequestRetrievalBeingRetrieved" classname="org.nuxeo.coldstorage.service.TestS3ColdStorageService" time="1.923"/>
  <testcase name="shouldFailRequestRetrievalNoContent" classname="org.nuxeo.coldstorage.service.TestS3ColdStorageService" time="0.871"/>
  <testcase name="shouldFailUpdateMainContentAlreadyInColdStorage" classname="org.nuxeo.coldstorage.service.TestS3ColdStorageService" time="1.974"/>
  <testcase name="shouldFailWithoutRightPermissions" classname="org.nuxeo.coldstorage.service.TestS3ColdStorageService" time="0.939"/>
  <testcase name="shouldMoveToColdStorage" classname="org.nuxeo.coldstorage.service.TestS3ColdStorageService" time="1.538"/>
  <testcase name="shouldMoveToColdStorageIfBlobAlreadyIs" classname="org.nuxeo.coldstorage.service.TestS3ColdStorageService" time="2.087"/>
  <testcase name="shouldNotRecomputeFullText" classname="org.nuxeo.coldstorage.service.TestS3ColdStorageService" time="1.632"/>
  <testcase name="shouldNotRecomputeThumbnail" classname="org.nuxeo.coldstorage.service.TestS3ColdStorageService" time="4.238"/>
  <testcase name="shouldRequestRetrieval" classname="org.nuxeo.coldstorage.service.TestS3ColdStorageService" time="3.81"/>
</testsuite>