<?xml version="1.0"?>
<component name="org.nuxeo.ecm.core.coldstorage.test.glacier">
<extension target="org.nuxeo.ecm.core.blob.BlobManager" point="configuration">
    <blobprovider name="coldStorage">
      <class>org.nuxeo.ecm.blob.s3.S3BlobProvider</class>
      <property name="awsid">${nuxeo.s3storage.awsid}</property>
      <property name="awssecret">${nuxeo.s3storage.awssecret}</property>
      <property name="awstoken">${nuxeo.s3storage.awstoken}</property>
      <property name="region">${nuxeo.s3storage.region}</property>
      <property name="bucket">${nuxeo.s3storage.bucket}</property>
      <property name="bucket_prefix">${nuxeo.s3storage.bucket_prefix}</property>
      <property name="digestAsync">false</property>
      <property name="keyStrategy">managed</property>
    </blobprovider>
  </extension>

  <extension target="org.nuxeo.ecm.core.blob.DocumentBlobManager" point="configuration">
    <blobdispatcher>
      <property name="default">coldStorage</property>
    </blobdispatcher>
  </extension>
</component>
