<?xml version="1.0"?>
<component name="org.nuxeo.ecm.core.coldstorage.test">

    <extension target="org.nuxeo.ecm.core.blob.BlobManager" point="configuration">
        <blobprovider name="dummy">
            <class>org.nuxeo.ecm.core.DummyBlobProvider</class>
        </blobprovider>
    </extension>
    <extension target="org.nuxeo.ecm.core.blob.DocumentBlobManager" point="configuration">
        <blobdispatcher>
            <class>org.nuxeo.ecm.core.blob.DefaultBlobDispatcher</class>
            <property name="default">dummy</property>
        </blobdispatcher>
    </extension>

</component>
