<?xml version="1.0"?>
<component name="org.nuxeo.ecm.core.coldstorage.test">

    <extension target="org.nuxeo.ecm.core.blob.BlobManager" point="configuration">
        <blobprovider name="inMemory">
            <class>org.nuxeo.ecm.core.blob.InMemoryBlobProvider</class>
        </blobprovider>
        <blobprovider name="dummy">
            <class>org.nuxeo.coldstorage.blob.providers.DummyBlobProvider</class>
        </blobprovider>
    </extension>
    <extension target="org.nuxeo.ecm.core.blob.DocumentBlobManager" point="configuration">
        <blobdispatcher>
            <class>org.nuxeo.ecm.core.blob.DefaultBlobDispatcher</class>
            <property name="blob:xpath=coldstorage:coldContent">dummy</property>
            <property name="default">inMemory</property>
        </blobdispatcher>
    </extension>

</component>
