<?xml version="1.0"?>
<component name="org.nuxeo.ecm.core.dummy.thumbnail.recomputation.test">
  <require>org.nuxeo.ecm.core.CoreExtensions</require>
  <extension target="org.nuxeo.ecm.core.schema.TypeService" point="doctype">
    <doctype name="MyCustomFile" extends="File">
      <schema name="common" />
      <schema name="dublincore" />
      <schema name="file" />
    </doctype>
  </extension>
  <extension target="org.nuxeo.ecm.core.api.thumbnail.ThumbnailService" point="thumbnailFactory">
    <thumbnailFactory name="randomThumbnailFactory"
                      docType="MyCustomFile"
                      factoryClass="org.nuxeo.coldstorage.thumbnail.DummyRandomThumbnailFactory" />
  </extension>

</component>
