<?xml version="1.0"?>
<component name="org.nuxeo.ecm.core.coldstorage.test.glacier">
<extension target="org.nuxeo.ecm.core.blob.BlobManager" point="configuration">
    <blobprovider name="test">
      <class>org.nuxeo.ecm.blob.s3.S3BlobProvider</class>
      <property name="awsid">${nuxeo.test.s3storage.awsid}</property>
      <property name="awssecret">${nuxeo.test.s3storage.awssecret}</property>
      <property name="awstoken">${nuxeo.test.s3storage.awstoken}</property>
      <property name="region">${nuxeo.test.s3storage.region}</property>
      <property name="bucket">${nuxeo.test.s3storage.provider.test.bucket}</property>
      <property name="bucket_prefix">${nuxeo.test.s3storage.provider.test.bucket_prefix}</property>
      <property name="allowByteRange">true</property>
    </blobprovider>
  </extension>

  <extension target="org.nuxeo.ecm.core.blob.DocumentBlobManager" point="configuration">
    <blobdispatcher>
      <property name="default">test</property>
    </blobdispatcher>
  </extension>
</component>
