<?xml version="1.0"?>
<component name="org.nuxeo.ecm.core.dummy.thumbnail.factory.test">

  <extension target="org.nuxeo.ecm.core.api.thumbnail.ThumbnailService" point="thumbnailFactory">
    <thumbnailFactory name="fakeThumbnailFactory" factoryClass="org.nuxeo.ecm.core.DummyThumbnailFactory" />
  </extension>

</component>
